[2025-05-15 19:25:22] [info] Загружено [36m1[0m задач в память
[2025-05-15 19:25:22] [info] Сброс выполняющихся и ошибочных задач в статус Pending...
[2025-05-15 19:25:22] [info] Сброшено [33m0[0m задач.
[2025-05-15 19:25:22] [info] Загружено [36m300[0m прокси в память
[2025-05-15 19:25:22] [info] Загружено [36m800[0m аккаунтов в память
[2025-05-15 19:25:32] [info] Twitch service иницилизирован для assstronavt
[2025-05-15 19:25:32] [info] Запускается Twitch-сервис для задачи 1 (URL: https://www.twitch.tv/assstronavt)
[2025-05-15 19:25:32] [info] Проверка онлайна стрима [36massstronavt[0m
[2025-05-15 19:25:35] [info] [TWITCH isStreamLive] stream [36massstronavt[0m - [32mOnline[0m
[2025-05-15 19:25:35] [info] Стрим https://www.twitch.tv/assstronavt в эфире. Начинаем выполнение задачи 1.
[2025-05-15 19:25:35] [info] [TWITCH] Запуск 50 ботов в течение 00:01:00 времени
[2025-05-15 19:25:35] [info] [TWITCH] Получено прокси: 50
[2025-05-15 19:25:35] [info] Connecting with proxy: socks5://rlF97R:IL9MJzmIaa@46.8.57.126:1051
[2025-05-15 19:25:37] [error] Bot error: Session.request() got an unexpected keyword argument 'proxy'
[2025-05-15 19:25:37] [error] Traceback (most recent call last):
  File "C:\Users\semtrip.DESKTOP-QDM923H\Documents\GitHub\stream_shop_service\backend\Service\Twitch\bot.py", line 57, in start
    async with session.head(url, proxy=proxy_url, headers=headers, timeout=10):
               ~~~~~~~~~~~~^^^^^^^^^^^^^^^^^^^^^^^^^^^^^^^^^^^^^^^^^^^^^^^^^^^
  File "C:\Users\semtrip.DESKTOP-QDM923H\AppData\Roaming\Python\Python313\site-packages\requests\sessions.py", line 624, in head
    return self.request("HEAD", url, **kwargs)
           ~~~~~~~~~~~~^^^^^^^^^^^^^^^^^^^^^^^
TypeError: Session.request() got an unexpected keyword argument 'proxy'

[2025-05-15 19:25:37] [info] Connecting with proxy: socks5://rlF97R:IL9MJzmIaa@188.130.210.168:1051
[2025-05-15 19:25:39] [error] Bot error: Session.request() got an unexpected keyword argument 'proxy'
[2025-05-15 19:25:39] [error] Traceback (most recent call last):
  File "C:\Users\semtrip.DESKTOP-QDM923H\Documents\GitHub\stream_shop_service\backend\Service\Twitch\bot.py", line 57, in start
    async with session.head(url, proxy=proxy_url, headers=headers, timeout=10):
               ~~~~~~~~~~~~^^^^^^^^^^^^^^^^^^^^^^^^^^^^^^^^^^^^^^^^^^^^^^^^^^^
  File "C:\Users\semtrip.DESKTOP-QDM923H\AppData\Roaming\Python\Python313\site-packages\requests\sessions.py", line 624, in head
    return self.request("HEAD", url, **kwargs)
           ~~~~~~~~~~~~^^^^^^^^^^^^^^^^^^^^^^^
TypeError: Session.request() got an unexpected keyword argument 'proxy'

[2025-05-15 19:25:39] [info] Connecting with proxy: socks5://rlF97R:IL9MJzmIaa@46.8.155.238:1051
[2025-05-15 19:25:41] [error] Bot error: Session.request() got an unexpected keyword argument 'proxy'
[2025-05-15 19:25:41] [error] Traceback (most recent call last):
  File "C:\Users\semtrip.DESKTOP-QDM923H\Documents\GitHub\stream_shop_service\backend\Service\Twitch\bot.py", line 57, in start
    async with session.head(url, proxy=proxy_url, headers=headers, timeout=10):
               ~~~~~~~~~~~~^^^^^^^^^^^^^^^^^^^^^^^^^^^^^^^^^^^^^^^^^^^^^^^^^^^
  File "C:\Users\semtrip.DESKTOP-QDM923H\AppData\Roaming\Python\Python313\site-packages\requests\sessions.py", line 624, in head
    return self.request("HEAD", url, **kwargs)
           ~~~~~~~~~~~~^^^^^^^^^^^^^^^^^^^^^^^
TypeError: Session.request() got an unexpected keyword argument 'proxy'

[2025-05-15 19:25:41] [info] Connecting with proxy: socks5://rlF97R:IL9MJzmIaa@109.248.204.204:1051
[2025-05-15 19:25:43] [error] Bot error: Session.request() got an unexpected keyword argument 'proxy'
[2025-05-15 19:25:43] [error] Traceback (most recent call last):
  File "C:\Users\semtrip.DESKTOP-QDM923H\Documents\GitHub\stream_shop_service\backend\Service\Twitch\bot.py", line 57, in start
    async with session.head(url, proxy=proxy_url, headers=headers, timeout=10):
               ~~~~~~~~~~~~^^^^^^^^^^^^^^^^^^^^^^^^^^^^^^^^^^^^^^^^^^^^^^^^^^^
  File "C:\Users\semtrip.DESKTOP-QDM923H\AppData\Roaming\Python\Python313\site-packages\requests\sessions.py", line 624, in head
    return self.request("HEAD", url, **kwargs)
           ~~~~~~~~~~~~^^^^^^^^^^^^^^^^^^^^^^^
TypeError: Session.request() got an unexpected keyword argument 'proxy'

[2025-05-15 19:25:43] [info] Connecting with proxy: socks5://rlF97R:IL9MJzmIaa@46.8.193.212:1051
[2025-05-15 19:25:44] [error] Bot error: Session.request() got an unexpected keyword argument 'proxy'
[2025-05-15 19:25:44] [error] Traceback (most recent call last):
  File "C:\Users\semtrip.DESKTOP-QDM923H\Documents\GitHub\stream_shop_service\backend\Service\Twitch\bot.py", line 57, in start
    async with session.head(url, proxy=proxy_url, headers=headers, timeout=10):
               ~~~~~~~~~~~~^^^^^^^^^^^^^^^^^^^^^^^^^^^^^^^^^^^^^^^^^^^^^^^^^^^
  File "C:\Users\semtrip.DESKTOP-QDM923H\AppData\Roaming\Python\Python313\site-packages\requests\sessions.py", line 624, in head
    return self.request("HEAD", url, **kwargs)
           ~~~~~~~~~~~~^^^^^^^^^^^^^^^^^^^^^^^
TypeError: Session.request() got an unexpected keyword argument 'proxy'

[2025-05-15 19:25:44] [info] Connecting with proxy: socks5://rlF97R:IL9MJzmIaa@45.15.73.213:1051
[2025-05-15 19:25:46] [error] Bot error: Session.request() got an unexpected keyword argument 'proxy'
[2025-05-15 19:25:46] [error] Traceback (most recent call last):
  File "C:\Users\semtrip.DESKTOP-QDM923H\Documents\GitHub\stream_shop_service\backend\Service\Twitch\bot.py", line 57, in start
    async with session.head(url, proxy=proxy_url, headers=headers, timeout=10):
               ~~~~~~~~~~~~^^^^^^^^^^^^^^^^^^^^^^^^^^^^^^^^^^^^^^^^^^^^^^^^^^^
  File "C:\Users\semtrip.DESKTOP-QDM923H\AppData\Roaming\Python\Python313\site-packages\requests\sessions.py", line 624, in head
    return self.request("HEAD", url, **kwargs)
           ~~~~~~~~~~~~^^^^^^^^^^^^^^^^^^^^^^^
TypeError: Session.request() got an unexpected keyword argument 'proxy'

[2025-05-15 19:25:48] [error] Bot error: Session.request() got an unexpected keyword argument 'proxy'
[2025-05-15 19:25:48] [error] Traceback (most recent call last):
  File "C:\Users\semtrip.DESKTOP-QDM923H\Documents\GitHub\stream_shop_service\backend\Service\Twitch\bot.py", line 57, in start
    async with session.head(url, proxy=proxy_url, headers=headers, timeout=10):
               ~~~~~~~~~~~~^^^^^^^^^^^^^^^^^^^^^^^^^^^^^^^^^^^^^^^^^^^^^^^^^^^
  File "C:\Users\semtrip.DESKTOP-QDM923H\AppData\Roaming\Python\Python313\site-packages\requests\sessions.py", line 624, in head
    return self.request("HEAD", url, **kwargs)
           ~~~~~~~~~~~~^^^^^^^^^^^^^^^^^^^^^^^
TypeError: Session.request() got an unexpected keyword argument 'proxy'

[2025-05-15 19:25:48] [info] Connecting with proxy: socks5://rlF97R:IL9MJzmIaa@46.8.22.20:1051
[2025-05-15 19:25:50] [error] Bot error: Session.request() got an unexpected keyword argument 'proxy'
[2025-05-15 19:25:50] [error] Traceback (most recent call last):
  File "C:\Users\semtrip.DESKTOP-QDM923H\Documents\GitHub\stream_shop_service\backend\Service\Twitch\bot.py", line 57, in start
    async with session.head(url, proxy=proxy_url, headers=headers, timeout=10):
               ~~~~~~~~~~~~^^^^^^^^^^^^^^^^^^^^^^^^^^^^^^^^^^^^^^^^^^^^^^^^^^^
  File "C:\Users\semtrip.DESKTOP-QDM923H\AppData\Roaming\Python\Python313\site-packages\requests\sessions.py", line 624, in head
    return self.request("HEAD", url, **kwargs)
           ~~~~~~~~~~~~^^^^^^^^^^^^^^^^^^^^^^^
TypeError: Session.request() got an unexpected keyword argument 'proxy'

[2025-05-15 19:25:50] [info] Connecting with proxy: socks5://rlF97R:IL9MJzmIaa@46.8.10.65:1051
[2025-05-15 19:25:51] [error] Bot error: Session.request() got an unexpected keyword argument 'proxy'
[2025-05-15 19:25:51] [error] Traceback (most recent call last):
  File "C:\Users\semtrip.DESKTOP-QDM923H\Documents\GitHub\stream_shop_service\backend\Service\Twitch\bot.py", line 57, in start
    async with session.head(url, proxy=proxy_url, headers=headers, timeout=10):
               ~~~~~~~~~~~~^^^^^^^^^^^^^^^^^^^^^^^^^^^^^^^^^^^^^^^^^^^^^^^^^^^
  File "C:\Users\semtrip.DESKTOP-QDM923H\AppData\Roaming\Python\Python313\site-packages\requests\sessions.py", line 624, in head
    return self.request("HEAD", url, **kwargs)
           ~~~~~~~~~~~~^^^^^^^^^^^^^^^^^^^^^^^
TypeError: Session.request() got an unexpected keyword argument 'proxy'

[2025-05-15 19:25:53] [error] Bot error: Session.request() got an unexpected keyword argument 'proxy'
[2025-05-15 19:25:53] [error] Traceback (most recent call last):
  File "C:\Users\semtrip.DESKTOP-QDM923H\Documents\GitHub\stream_shop_service\backend\Service\Twitch\bot.py", line 57, in start
    async with session.head(url, proxies=proxy_url, headers=headers, timeout=10):
               ^^^^^^^^^^^^^^^^^^^^^^^^^^^^^^^^^^^^^^^^^^^^^^^^^^^^^^^^^^^^^^^
  File "C:\Users\semtrip.DESKTOP-QDM923H\AppData\Roaming\Python\Python313\site-packages\requests\sessions.py", line 624, in head
    return self.request("HEAD", url, **kwargs)
           ~~~~~~~~~~~~^^^^^^^^^^^^^^^^^^^^^^^
TypeError: Session.request() got an unexpected keyword argument 'proxy'

