[2025-05-18 03:52:56] [info] Загружено [36m1[0m задач в память
[2025-05-18 03:52:56] [info] Сброс выполняющихся и ошибочных задач в статус Pending...
[2025-05-18 03:52:56] [info] Сброшено [33m1[0m задач.
[2025-05-18 03:52:56] [info] Загружено [36m800[0m прокси в память
[2025-05-18 03:52:56] [info] Загружено [36m800[0m аккаунтов в память
[2025-05-18 03:53:10] [info] Initialized TwitchService for channel: semtrip
[2025-05-18 03:53:10] [info] Запускается Twitch-сервис для задачи 2 (URL: https://www.twitch.tv/semtrip)
[2025-05-18 03:53:10] [info] Checking stream status for [36msemtrip[0m
[2025-05-18 03:53:12] [info] [Stream Status] semtrip - Online
[2025-05-18 03:53:12] [info] Стрим https://www.twitch.tv/semtrip в эфире. Начинаем выполнение задачи 2.
[2025-05-18 03:53:12] [info] Starting 100 bots (ramp-up 1 min)
[2025-05-18 03:53:18] [info] Задача 2 запущена на 00:24:00 (1440 секунд)
[2025-05-18 03:53:18] [info] Задача 2: следующий чек через 60 сек...
[2025-05-18 03:53:18] [warning] Bot 0 dead → restarting
[2025-05-18 03:53:18] [warning] Bot 1 dead → restarting
[2025-05-18 03:53:18] [warning] Bot 2 dead → restarting
[2025-05-18 03:53:18] [warning] Bot 3 dead → restarting
[2025-05-18 03:53:18] [warning] Bot 4 dead → restarting
[2025-05-18 03:53:18] [warning] Bot 5 dead → restarting
[2025-05-18 03:53:18] [warning] Bot 6 dead → restarting
[2025-05-18 03:53:18] [warning] Bot 7 dead → restarting
[2025-05-18 03:53:18] [warning] Bot 8 dead → restarting
[2025-05-18 03:53:18] [warning] Bot 9 dead → restarting
[2025-05-18 03:53:18] [warning] Bot 10 dead → restarting
[2025-05-18 03:53:18] [warning] Bot 11 dead → restarting
[2025-05-18 03:53:18] [warning] Bot 12 dead → restarting
[2025-05-18 03:53:18] [warning] Bot 13 dead → restarting
[2025-05-18 03:53:18] [warning] Bot 14 dead → restarting
[2025-05-18 03:53:18] [warning] Bot 15 dead → restarting
[2025-05-18 03:53:18] [warning] Bot 16 dead → restarting
[2025-05-18 03:53:18] [warning] Bot 17 dead → restarting
[2025-05-18 03:53:18] [warning] Bot 18 dead → restarting
[2025-05-18 03:53:18] [warning] Bot 19 dead → restarting
[2025-05-18 03:53:19] [warning] Bot 20 dead → restarting
[2025-05-18 03:53:19] [warning] Bot 21 dead → restarting
[2025-05-18 03:53:19] [warning] Bot 22 dead → restarting
[2025-05-18 03:53:19] [warning] Bot 23 dead → restarting
[2025-05-18 03:53:19] [warning] Bot 24 dead → restarting
[2025-05-18 03:53:19] [warning] Bot 25 dead → restarting
[2025-05-18 03:53:19] [warning] Bot 26 dead → restarting
[2025-05-18 03:53:19] [warning] Bot 27 dead → restarting
[2025-05-18 03:53:19] [warning] Bot 28 dead → restarting
[2025-05-18 03:53:19] [warning] Bot 29 dead → restarting
[2025-05-18 03:53:19] [warning] Bot 30 dead → restarting
[2025-05-18 03:53:19] [warning] Bot 31 dead → restarting
[2025-05-18 03:53:19] [warning] Bot 32 dead → restarting
[2025-05-18 03:53:19] [warning] Bot 33 dead → restarting
[2025-05-18 03:53:19] [warning] Bot 34 dead → restarting
[2025-05-18 03:53:19] [warning] Bot 35 dead → restarting
[2025-05-18 03:53:19] [warning] Bot 36 dead → restarting
[2025-05-18 03:53:19] [warning] Bot 37 dead → restarting
[2025-05-18 03:53:19] [warning] Bot 38 dead → restarting
[2025-05-18 03:53:20] [warning] Bot 39 dead → restarting
[2025-05-18 03:53:20] [warning] Bot 40 dead → restarting
[2025-05-18 03:53:20] [warning] Bot 41 dead → restarting
[2025-05-18 03:53:20] [warning] Bot 42 dead → restarting
[2025-05-18 03:53:20] [warning] Bot 43 dead → restarting
[2025-05-18 03:53:20] [warning] Bot 44 dead → restarting
[2025-05-18 03:53:20] [warning] Bot 45 dead → restarting
[2025-05-18 03:53:20] [warning] Bot 46 dead → restarting
[2025-05-18 03:53:20] [warning] Bot 47 dead → restarting
[2025-05-18 03:53:20] [warning] Bot 48 dead → restarting
[2025-05-18 03:53:20] [warning] Bot 49 dead → restarting
[2025-05-18 03:53:20] [warning] Bot 50 dead → restarting
[2025-05-18 03:53:20] [warning] Bot 51 dead → restarting
[2025-05-18 03:53:20] [warning] Bot 52 dead → restarting
[2025-05-18 03:53:20] [warning] Bot 53 dead → restarting
[2025-05-18 03:53:20] [warning] Bot 54 dead → restarting
[2025-05-18 03:53:20] [warning] Bot 55 dead → restarting
[2025-05-18 03:53:20] [warning] Bot 56 dead → restarting
[2025-05-18 03:53:20] [warning] Bot 57 dead → restarting
[2025-05-18 03:53:20] [warning] Bot 58 dead → restarting
[2025-05-18 03:53:21] [warning] Bot 59 dead → restarting
[2025-05-18 03:53:21] [warning] Bot 60 dead → restarting
[2025-05-18 03:53:21] [warning] Bot 61 dead → restarting
[2025-05-18 03:53:21] [warning] Bot 62 dead → restarting
[2025-05-18 03:53:21] [warning] Bot 63 dead → restarting
[2025-05-18 03:53:21] [warning] Bot 64 dead → restarting
[2025-05-18 03:53:21] [warning] Bot 65 dead → restarting
[2025-05-18 03:53:21] [warning] Bot 66 dead → restarting
[2025-05-18 03:53:21] [warning] Bot 67 dead → restarting
[2025-05-18 03:53:21] [warning] Bot 68 dead → restarting
[2025-05-18 03:53:21] [warning] Bot 69 dead → restarting
[2025-05-18 03:53:21] [warning] Bot 70 dead → restarting
[2025-05-18 03:53:21] [warning] Bot 71 dead → restarting
[2025-05-18 03:53:21] [warning] Bot 72 dead → restarting
[2025-05-18 03:53:21] [warning] Bot 73 dead → restarting
[2025-05-18 03:53:21] [warning] Bot 74 dead → restarting
[2025-05-18 03:53:21] [warning] Bot 75 dead → restarting
[2025-05-18 03:53:21] [warning] Bot 76 dead → restarting
[2025-05-18 03:53:21] [warning] Bot 77 dead → restarting
[2025-05-18 03:53:21] [warning] Bot 78 dead → restarting
[2025-05-18 03:53:22] [warning] Bot 79 dead → restarting
[2025-05-18 03:53:22] [warning] Bot 80 dead → restarting
[2025-05-18 03:53:22] [warning] Bot 81 dead → restarting
[2025-05-18 03:53:22] [warning] Bot 82 dead → restarting
[2025-05-18 03:53:22] [warning] Bot 83 dead → restarting
[2025-05-18 03:53:22] [warning] Bot 84 dead → restarting
[2025-05-18 03:53:22] [warning] Bot 85 dead → restarting
[2025-05-18 03:53:22] [warning] Bot 86 dead → restarting
[2025-05-18 03:53:22] [warning] Bot 87 dead → restarting
[2025-05-18 03:53:22] [warning] Bot 88 dead → restarting
[2025-05-18 03:53:22] [warning] Bot 89 dead → restarting
[2025-05-18 03:53:22] [warning] Bot 90 dead → restarting
[2025-05-18 03:53:22] [warning] Bot 91 dead → restarting
[2025-05-18 03:53:22] [warning] Bot 92 dead → restarting
[2025-05-18 03:53:22] [warning] Bot 93 dead → restarting
[2025-05-18 03:53:22] [warning] Bot 94 dead → restarting
[2025-05-18 03:53:22] [warning] Bot 95 dead → restarting
[2025-05-18 03:53:22] [warning] Bot 96 dead → restarting
[2025-05-18 03:53:22] [warning] Bot 97 dead → restarting
[2025-05-18 03:53:22] [warning] Bot 98 dead → restarting
[2025-05-18 03:53:23] [warning] Bot 99 dead → restarting
[2025-05-18 03:53:23] [info] Bot ID:[0] starting now
[2025-05-18 03:53:23] [info] [BOT 0] Запуск (аудио: True)
[2025-05-18 03:53:23] [info] Bot ID:[1] will start in 0.6 seconds
[2025-05-18 03:53:23] [info] Bot ID:[2] will start in 1.2 seconds
[2025-05-18 03:53:23] [info] Bot ID:[3] will start in 1.8 seconds
[2025-05-18 03:53:23] [info] Bot ID:[4] will start in 2.4 seconds
[2025-05-18 03:53:23] [info] Bot ID:[5] will start in 3.0 seconds
[2025-05-18 03:53:23] [info] Bot ID:[6] will start in 3.6 seconds
[2025-05-18 03:53:23] [info] Bot ID:[7] will start in 4.2 seconds
[2025-05-18 03:53:23] [info] Bot ID:[8] will start in 4.8 seconds
[2025-05-18 03:53:23] [info] Bot ID:[9] will start in 5.4 seconds
[2025-05-18 03:53:23] [info] Bot ID:[10] will start in 6.0 seconds
[2025-05-18 03:53:23] [info] Bot ID:[11] will start in 6.6 seconds
[2025-05-18 03:53:23] [info] Bot ID:[12] will start in 7.2 seconds
[2025-05-18 03:53:23] [info] Bot ID:[13] will start in 7.8 seconds
[2025-05-18 03:53:23] [info] Bot ID:[14] will start in 8.4 seconds
[2025-05-18 03:53:23] [info] Bot ID:[15] will start in 9.0 seconds
[2025-05-18 03:53:23] [info] Bot ID:[16] will start in 9.6 seconds
[2025-05-18 03:53:23] [info] Bot ID:[17] will start in 10.2 seconds
[2025-05-18 03:53:23] [info] Bot ID:[18] will start in 10.8 seconds
[2025-05-18 03:53:23] [info] Bot ID:[19] will start in 11.4 seconds
[2025-05-18 03:53:23] [info] Bot ID:[20] will start in 12.0 seconds
[2025-05-18 03:53:23] [info] Bot ID:[21] will start in 12.6 seconds
[2025-05-18 03:53:23] [info] Bot ID:[22] will start in 13.2 seconds
[2025-05-18 03:53:23] [info] Bot ID:[23] will start in 13.8 seconds
[2025-05-18 03:53:23] [info] Bot ID:[24] will start in 14.4 seconds
[2025-05-18 03:53:23] [info] Bot ID:[25] will start in 15.0 seconds
[2025-05-18 03:53:23] [info] Bot ID:[26] will start in 15.6 seconds
[2025-05-18 03:53:23] [info] Bot ID:[27] will start in 16.2 seconds
[2025-05-18 03:53:23] [info] Bot ID:[28] will start in 16.8 seconds
[2025-05-18 03:53:23] [info] Bot ID:[29] will start in 17.4 seconds
[2025-05-18 03:53:23] [info] Bot ID:[30] will start in 18.0 seconds
[2025-05-18 03:53:23] [info] Bot ID:[31] will start in 18.6 seconds
[2025-05-18 03:53:23] [info] Bot ID:[32] will start in 19.2 seconds
[2025-05-18 03:53:23] [info] Bot ID:[33] will start in 19.8 seconds
[2025-05-18 03:53:23] [info] Bot ID:[34] will start in 20.4 seconds
[2025-05-18 03:53:23] [info] Bot ID:[35] will start in 21.0 seconds
[2025-05-18 03:53:23] [info] Bot ID:[36] will start in 21.6 seconds
[2025-05-18 03:53:23] [info] Bot ID:[37] will start in 22.2 seconds
[2025-05-18 03:53:23] [info] Bot ID:[38] will start in 22.8 seconds
[2025-05-18 03:53:23] [info] Bot ID:[39] will start in 23.4 seconds
[2025-05-18 03:53:23] [info] Bot ID:[40] will start in 24.0 seconds
[2025-05-18 03:53:23] [info] Bot ID:[41] will start in 24.6 seconds
[2025-05-18 03:53:23] [info] Bot ID:[42] will start in 25.2 seconds
[2025-05-18 03:53:23] [info] Bot ID:[43] will start in 25.8 seconds
[2025-05-18 03:53:23] [info] Bot ID:[44] will start in 26.4 seconds
[2025-05-18 03:53:23] [info] Bot ID:[45] will start in 27.0 seconds
[2025-05-18 03:53:23] [info] Bot ID:[46] will start in 27.6 seconds
[2025-05-18 03:53:23] [info] Bot ID:[47] will start in 28.2 seconds
[2025-05-18 03:53:23] [info] Bot ID:[48] will start in 28.8 seconds
[2025-05-18 03:53:23] [info] Bot ID:[49] will start in 29.4 seconds
[2025-05-18 03:53:23] [info] Bot ID:[50] will start in 30.0 seconds
[2025-05-18 03:53:23] [info] Bot ID:[51] will start in 30.6 seconds
[2025-05-18 03:53:23] [info] Bot ID:[52] will start in 31.2 seconds
[2025-05-18 03:53:23] [info] Bot ID:[53] will start in 31.8 seconds
[2025-05-18 03:53:23] [info] Bot ID:[54] will start in 32.4 seconds
[2025-05-18 03:53:23] [info] Bot ID:[55] will start in 33.0 seconds
[2025-05-18 03:53:23] [info] Bot ID:[56] will start in 33.6 seconds
[2025-05-18 03:53:23] [info] Bot ID:[57] will start in 34.2 seconds
[2025-05-18 03:53:23] [info] Bot ID:[58] will start in 34.8 seconds
[2025-05-18 03:53:23] [info] Bot ID:[59] will start in 35.4 seconds
[2025-05-18 03:53:23] [info] Bot ID:[60] will start in 36.0 seconds
[2025-05-18 03:53:23] [info] Bot ID:[61] will start in 36.6 seconds
[2025-05-18 03:53:23] [info] Bot ID:[62] will start in 37.2 seconds
[2025-05-18 03:53:23] [info] Bot ID:[63] will start in 37.8 seconds
[2025-05-18 03:53:23] [info] Bot ID:[64] will start in 38.4 seconds
[2025-05-18 03:53:23] [info] Bot ID:[65] will start in 39.0 seconds
[2025-05-18 03:53:23] [info] Bot ID:[66] will start in 39.6 seconds
[2025-05-18 03:53:23] [info] Bot ID:[67] will start in 40.2 seconds
[2025-05-18 03:53:23] [info] Bot ID:[68] will start in 40.8 seconds
[2025-05-18 03:53:23] [info] Bot ID:[69] will start in 41.4 seconds
[2025-05-18 03:53:23] [info] Bot ID:[70] will start in 42.0 seconds
[2025-05-18 03:53:23] [info] Bot ID:[71] will start in 42.6 seconds
[2025-05-18 03:53:23] [info] Bot ID:[72] will start in 43.2 seconds
[2025-05-18 03:53:23] [info] Bot ID:[73] will start in 43.8 seconds
[2025-05-18 03:53:23] [info] Bot ID:[74] will start in 44.4 seconds
[2025-05-18 03:53:23] [info] Bot ID:[75] will start in 45.0 seconds
[2025-05-18 03:53:23] [info] Bot ID:[76] will start in 45.6 seconds
[2025-05-18 03:53:23] [info] Bot ID:[77] will start in 46.2 seconds
[2025-05-18 03:53:23] [info] Bot ID:[78] will start in 46.8 seconds
[2025-05-18 03:53:23] [info] Bot ID:[79] will start in 47.4 seconds
[2025-05-18 03:53:23] [info] Bot ID:[80] will start in 48.0 seconds
[2025-05-18 03:53:23] [info] Bot ID:[81] will start in 48.6 seconds
[2025-05-18 03:53:23] [info] Bot ID:[82] will start in 49.2 seconds
[2025-05-18 03:53:23] [info] Bot ID:[83] will start in 49.8 seconds
[2025-05-18 03:53:23] [info] Bot ID:[84] will start in 50.4 seconds
[2025-05-18 03:53:23] [info] Bot ID:[85] will start in 51.0 seconds
[2025-05-18 03:53:23] [info] Bot ID:[86] will start in 51.6 seconds
[2025-05-18 03:53:23] [info] Bot ID:[87] will start in 52.2 seconds
[2025-05-18 03:53:23] [info] Bot ID:[88] will start in 52.8 seconds
[2025-05-18 03:53:23] [info] Bot ID:[89] will start in 53.4 seconds
[2025-05-18 03:53:23] [info] Bot ID:[90] will start in 54.0 seconds
[2025-05-18 03:53:23] [info] Bot ID:[91] will start in 54.6 seconds
[2025-05-18 03:53:23] [info] Bot ID:[92] will start in 55.2 seconds
[2025-05-18 03:53:23] [info] Bot ID:[93] will start in 55.8 seconds
[2025-05-18 03:53:23] [info] Bot ID:[94] will start in 56.4 seconds
[2025-05-18 03:53:23] [info] Bot ID:[95] will start in 57.0 seconds
[2025-05-18 03:53:23] [info] Bot ID:[96] will start in 57.6 seconds
[2025-05-18 03:53:23] [info] Bot ID:[97] will start in 58.2 seconds
[2025-05-18 03:53:23] [info] Bot ID:[98] will start in 58.8 seconds
[2025-05-18 03:53:23] [info] Bot ID:[99] will start in 59.4 seconds
[2025-05-18 03:53:23] [info] [BOT 0] Запуск (аудио: True)
[2025-05-18 03:53:23] [info] [BOT 1] Запуск (аудио: True)
[2025-05-18 03:53:23] [info] [BOT 2] Запуск (аудио: True)
[2025-05-18 03:53:23] [info] [BOT 3] Запуск (аудио: True)
[2025-05-18 03:53:23] [info] [BOT 4] Запуск (аудио: True)
[2025-05-18 03:53:23] [info] [BOT 5] Запуск (аудио: True)
[2025-05-18 03:53:23] [info] [BOT 6] Запуск (аудио: True)
[2025-05-18 03:53:23] [info] [BOT 7] Запуск (аудио: True)
[2025-05-18 03:53:23] [info] [BOT 8] Запуск (аудио: True)
[2025-05-18 03:53:23] [info] [BOT 9] Запуск (аудио: True)
[2025-05-18 03:53:23] [info] [BOT 10] Запуск (аудио: True)
[2025-05-18 03:53:23] [info] [BOT 11] Запуск (аудио: True)
[2025-05-18 03:53:23] [info] [BOT 12] Запуск (аудио: True)
[2025-05-18 03:53:23] [info] [BOT 13] Запуск (аудио: True)
[2025-05-18 03:53:23] [info] [BOT 14] Запуск (аудио: True)
[2025-05-18 03:53:23] [info] [BOT 15] Запуск (аудио: True)
[2025-05-18 03:53:23] [info] [BOT 16] Запуск (аудио: True)
[2025-05-18 03:53:23] [info] [BOT 17] Запуск (аудио: True)
[2025-05-18 03:53:23] [info] [BOT 18] Запуск (аудио: True)
[2025-05-18 03:53:23] [info] [BOT 19] Запуск (аудио: True)
[2025-05-18 03:53:23] [info] [BOT 20] Запуск (аудио: True)
[2025-05-18 03:53:23] [info] [BOT 21] Запуск (аудио: True)
[2025-05-18 03:53:23] [info] [BOT 22] Запуск (аудио: True)
[2025-05-18 03:53:23] [info] [BOT 23] Запуск (аудио: True)
[2025-05-18 03:53:23] [info] [BOT 24] Запуск (аудио: True)
[2025-05-18 03:53:23] [info] [BOT 25] Запуск (аудио: True)
[2025-05-18 03:53:23] [info] [BOT 26] Запуск (аудио: True)
[2025-05-18 03:53:23] [info] [BOT 27] Запуск (аудио: True)
[2025-05-18 03:53:23] [info] [BOT 28] Запуск (аудио: True)
[2025-05-18 03:53:23] [info] [BOT 29] Запуск (аудио: True)
[2025-05-18 03:53:23] [info] [BOT 30] Запуск (аудио: True)
[2025-05-18 03:53:23] [info] [BOT 31] Запуск (аудио: True)
[2025-05-18 03:53:23] [info] [BOT 32] Запуск (аудио: True)
[2025-05-18 03:53:23] [info] [BOT 33] Запуск (аудио: True)
[2025-05-18 03:53:23] [info] [BOT 34] Запуск (аудио: True)
[2025-05-18 03:53:23] [info] [BOT 35] Запуск (аудио: True)
[2025-05-18 03:53:23] [info] [BOT 36] Запуск (аудио: True)
[2025-05-18 03:53:23] [info] [BOT 37] Запуск (аудио: True)
[2025-05-18 03:53:23] [info] [BOT 38] Запуск (аудио: True)
[2025-05-18 03:53:23] [info] [BOT 39] Запуск (аудио: True)
[2025-05-18 03:53:23] [info] [BOT 40] Запуск (аудио: True)
[2025-05-18 03:53:23] [info] [BOT 41] Запуск (аудио: True)
[2025-05-18 03:53:23] [info] [BOT 42] Запуск (аудио: True)
[2025-05-18 03:53:23] [info] [BOT 43] Запуск (аудио: True)
[2025-05-18 03:53:23] [info] [BOT 44] Запуск (аудио: True)
[2025-05-18 03:53:23] [info] [BOT 45] Запуск (аудио: True)
[2025-05-18 03:53:23] [info] [BOT 46] Запуск (аудио: True)
[2025-05-18 03:53:23] [info] [BOT 47] Запуск (аудио: True)
[2025-05-18 03:53:23] [info] [BOT 48] Запуск (аудио: True)
[2025-05-18 03:53:23] [info] [BOT 49] Запуск (аудио: True)
[2025-05-18 03:53:23] [info] [BOT 50] Запуск (аудио: True)
[2025-05-18 03:53:23] [info] [BOT 51] Запуск (аудио: True)
[2025-05-18 03:53:23] [info] [BOT 52] Запуск (аудио: True)
[2025-05-18 03:53:23] [info] [BOT 53] Запуск (аудио: True)
[2025-05-18 03:53:23] [info] [BOT 54] Запуск (аудио: True)
[2025-05-18 03:53:23] [info] [BOT 55] Запуск (аудио: True)
[2025-05-18 03:53:23] [info] [BOT 56] Запуск (аудио: True)
[2025-05-18 03:53:23] [info] [BOT 57] Запуск (аудио: True)
[2025-05-18 03:53:23] [info] [BOT 58] Запуск (аудио: True)
[2025-05-18 03:53:23] [info] [BOT 59] Запуск (аудио: True)
[2025-05-18 03:53:23] [info] [BOT 60] Запуск (аудио: True)
[2025-05-18 03:53:23] [info] [BOT 61] Запуск (аудио: True)
[2025-05-18 03:53:23] [info] [BOT 62] Запуск (аудио: True)
[2025-05-18 03:53:23] [info] [BOT 63] Запуск (аудио: True)
[2025-05-18 03:53:23] [info] [BOT 64] Запуск (аудио: True)
[2025-05-18 03:53:23] [info] [BOT 65] Запуск (аудио: True)
[2025-05-18 03:53:23] [info] [BOT 66] Запуск (аудио: True)
[2025-05-18 03:53:23] [info] [BOT 67] Запуск (аудио: True)
[2025-05-18 03:53:23] [info] [BOT 68] Запуск (аудио: True)
[2025-05-18 03:53:23] [info] [BOT 69] Запуск (аудио: True)
[2025-05-18 03:53:23] [info] [BOT 70] Запуск (аудио: True)
[2025-05-18 03:53:23] [info] [BOT 71] Запуск (аудио: True)
[2025-05-18 03:53:23] [info] [BOT 72] Запуск (аудио: True)
[2025-05-18 03:53:23] [info] [BOT 73] Запуск (аудио: True)
[2025-05-18 03:53:23] [info] [BOT 74] Запуск (аудио: True)
[2025-05-18 03:53:23] [info] [BOT 75] Запуск (аудио: True)
[2025-05-18 03:53:23] [info] [BOT 76] Запуск (аудио: True)
[2025-05-18 03:53:23] [info] [BOT 77] Запуск (аудио: True)
[2025-05-18 03:53:23] [info] [BOT 78] Запуск (аудио: True)
[2025-05-18 03:53:23] [info] [BOT 79] Запуск (аудио: True)
[2025-05-18 03:53:23] [info] [BOT 80] Запуск (аудио: True)
[2025-05-18 03:53:23] [info] [BOT 81] Запуск (аудио: True)
[2025-05-18 03:53:23] [info] [BOT 82] Запуск (аудио: True)
[2025-05-18 03:53:23] [info] [BOT 83] Запуск (аудио: True)
[2025-05-18 03:53:23] [info] [BOT 84] Запуск (аудио: True)
[2025-05-18 03:53:23] [info] [BOT 85] Запуск (аудио: True)
[2025-05-18 03:53:23] [info] [BOT 86] Запуск (аудио: True)
[2025-05-18 03:53:23] [info] [BOT 87] Запуск (аудио: True)
[2025-05-18 03:53:23] [info] [BOT 88] Запуск (аудио: True)
[2025-05-18 03:53:23] [info] [BOT 89] Запуск (аудио: True)
[2025-05-18 03:53:23] [info] [BOT 90] Запуск (аудио: True)
[2025-05-18 03:53:23] [info] [BOT 91] Запуск (аудио: True)
[2025-05-18 03:53:23] [info] [BOT 92] Запуск (аудио: True)
[2025-05-18 03:53:23] [info] [BOT 93] Запуск (аудио: True)
[2025-05-18 03:53:23] [info] [BOT 94] Запуск (аудио: True)
[2025-05-18 03:53:23] [info] [BOT 95] Запуск (аудио: True)
[2025-05-18 03:53:23] [info] [BOT 96] Запуск (аудио: True)
[2025-05-18 03:53:23] [info] [BOT 97] Запуск (аудио: True)
[2025-05-18 03:53:23] [info] [BOT 98] Запуск (аудио: True)
[2025-05-18 03:53:23] [info] [BOT 99] Запуск (аудио: True)
[2025-05-18 03:53:23] [info] Bot ID:[1] starting now
[2025-05-18 03:53:23] [info] [BOT 1] Запуск (аудио: True)
[2025-05-18 03:53:24] [info] Bot ID:[2] starting now
[2025-05-18 03:53:24] [info] [BOT 2] Запуск (аудио: True)
[2025-05-18 03:53:24] [info] Bot ID:[3] starting now
[2025-05-18 03:53:24] [info] [BOT 3] Запуск (аудио: True)
[2025-05-18 03:53:25] [info] Bot ID:[4] starting now
[2025-05-18 03:53:25] [info] [BOT 4] Запуск (аудио: True)
[2025-05-18 03:53:25] [info] [BOT 15] Поток подключен
[2025-05-18 03:53:25] [info] [BOT 0] Поток подключен
[2025-05-18 03:53:25] [info] [BOT 2] Поток подключен
[2025-05-18 03:53:25] [info] [BOT 1] Поток подключен
[2025-05-18 03:53:25] [info] [BOT 8] Поток подключен
[2025-05-18 03:53:25] [info] [BOT 5] Поток подключен
[2025-05-18 03:53:25] [info] [BOT 18] Поток подключен
[2025-05-18 03:53:25] [info] [BOT 7] Поток подключен
[2025-05-18 03:53:25] [info] [BOT 3] Поток подключен
[2025-05-18 03:53:25] [info] [BOT 9] Поток подключен
[2025-05-18 03:53:25] [info] [BOT 17] Поток подключен
[2025-05-18 03:53:25] [info] [BOT 13] Поток подключен
[2025-05-18 03:53:25] [info] [BOT 11] Поток подключен
[2025-05-18 03:53:25] [info] [BOT 16] Поток подключен
[2025-05-18 03:53:26] [info] [BOT 14] Поток подключен
[2025-05-18 03:53:26] [info] [BOT 4] Поток подключен
[2025-05-18 03:53:26] [info] [BOT 0] Поток подключен
[2025-05-18 03:53:26] [info] [BOT 10] Поток подключен
[2025-05-18 03:53:26] [info] [BOT 12] Поток подключен
[2025-05-18 03:53:26] [info] [BOT 6] Поток подключен
[2025-05-18 03:53:26] [info] Bot ID:[5] starting now
[2025-05-18 03:53:26] [info] [BOT 5] Запуск (аудио: True)
[2025-05-18 03:53:26] [info] Bot ID:[6] starting now
[2025-05-18 03:53:26] [info] [BOT 6] Запуск (аудио: True)
[2025-05-18 03:53:27] [info] Bot ID:[7] starting now
[2025-05-18 03:53:27] [info] [BOT 7] Запуск (аудио: True)
[2025-05-18 03:53:27] [info] Bot ID:[8] starting now
[2025-05-18 03:53:27] [info] [BOT 8] Запуск (аудио: True)
[2025-05-18 03:53:28] [info] [BOT 21] Поток подключен
[2025-05-18 03:53:28] [info] [BOT 24] Поток подключен
[2025-05-18 03:53:28] [info] [BOT 22] Поток подключен
[2025-05-18 03:53:28] [info] [BOT 19] Поток подключен
[2025-05-18 03:53:28] [info] [BOT 23] Поток подключен
[2025-05-18 03:53:28] [info] [BOT 25] Поток подключен
[2025-05-18 03:53:28] [info] [BOT 32] Поток подключен
[2025-05-18 03:53:28] [info] [BOT 27] Поток подключен
[2025-05-18 03:53:28] [info] [BOT 28] Поток подключен
[2025-05-18 03:53:28] [info] [BOT 26] Поток подключен
[2025-05-18 03:53:28] [info] [BOT 20] Поток подключен
[2025-05-18 03:53:28] [info] [BOT 38] Поток подключен
[2025-05-18 03:53:28] [info] [BOT 37] Поток подключен
[2025-05-18 03:53:28] [info] [BOT 35] Поток подключен
[2025-05-18 03:53:28] [info] Bot ID:[9] starting now
[2025-05-18 03:53:28] [info] [BOT 9] Запуск (аудио: True)
[2025-05-18 03:53:28] [info] [BOT 34] Поток подключен
[2025-05-18 03:53:28] [info] [BOT 30] Поток подключен
[2025-05-18 03:53:28] [info] [BOT 36] Поток подключен
[2025-05-18 03:53:28] [info] [BOT 31] Поток подключен
[2025-05-18 03:53:28] [info] [BOT 33] Поток подключен
[2025-05-18 03:53:28] [info] [BOT 29] Поток подключен
[2025-05-18 03:53:29] [info] Bot ID:[10] starting now
[2025-05-18 03:53:29] [info] [BOT 10] Запуск (аудио: True)
[2025-05-18 03:53:29] [info] Bot ID:[11] starting now
[2025-05-18 03:53:29] [info] [BOT 11] Запуск (аудио: True)
[2025-05-18 03:53:30] [info] Bot ID:[12] starting now
[2025-05-18 03:53:30] [info] [BOT 12] Запуск (аудио: True)
[2025-05-18 03:53:30] [info] [BOT 42] Поток подключен
[2025-05-18 03:53:30] [info] [BOT 43] Поток подключен
[2025-05-18 03:53:30] [info] [BOT 39] Поток подключен
[2025-05-18 03:53:30] [info] [BOT 45] Поток подключен
[2025-05-18 03:53:30] [info] [BOT 41] Поток подключен
[2025-05-18 03:53:30] [info] [BOT 44] Поток подключен
[2025-05-18 03:53:30] [info] Bot ID:[13] starting now
[2025-05-18 03:53:30] [info] [BOT 13] Запуск (аудио: True)
[2025-05-18 03:53:30] [info] [BOT 51] Поток подключен
[2025-05-18 03:53:30] [info] [BOT 50] Поток подключен
[2025-05-18 03:53:31] [info] [BOT 40] Поток подключен
[2025-05-18 03:53:31] [info] [BOT 48] Поток подключен
[2025-05-18 03:53:31] [info] [BOT 49] Поток подключен
[2025-05-18 03:53:31] [info] [BOT 46] Поток подключен
[2025-05-18 03:53:31] [info] [BOT 54] Поток подключен
[2025-05-18 03:53:31] [info] [BOT 55] Поток подключен
[2025-05-18 03:53:31] [info] [BOT 52] Поток подключен
[2025-05-18 03:53:31] [info] [BOT 47] Поток подключен
[2025-05-18 03:53:31] [info] [BOT 58] Поток подключен
[2025-05-18 03:53:31] [info] [BOT 56] Поток подключен
[2025-05-18 03:53:31] [info] [BOT 53] Поток подключен
[2025-05-18 03:53:31] [info] Bot ID:[14] starting now
[2025-05-18 03:53:31] [info] [BOT 14] Запуск (аудио: True)
[2025-05-18 03:53:31] [info] [BOT 57] Поток подключен
[2025-05-18 03:53:32] [info] Bot ID:[15] starting now
[2025-05-18 03:53:32] [info] [BOT 15] Запуск (аудио: True)
[2025-05-18 03:53:32] [info] Bot ID:[16] starting now
[2025-05-18 03:53:32] [info] [BOT 16] Запуск (аудио: True)
[2025-05-18 03:53:33] [info] [BOT 61] Поток подключен
[2025-05-18 03:53:33] [info] Bot ID:[17] starting now
[2025-05-18 03:53:33] [info] [BOT 17] Запуск (аудио: True)
[2025-05-18 03:53:33] [info] [BOT 63] Поток подключен
[2025-05-18 03:53:33] [info] [BOT 64] Поток подключен
[2025-05-18 03:53:33] [info] [BOT 59] Поток подключен
[2025-05-18 03:53:33] [info] [BOT 62] Поток подключен
[2025-05-18 03:53:33] [info] [BOT 60] Поток подключен
[2025-05-18 03:53:33] [info] [BOT 66] Поток подключен
[2025-05-18 03:53:33] [info] [BOT 65] Поток подключен
[2025-05-18 03:53:33] [info] [BOT 72] Поток подключен
[2025-05-18 03:53:33] [info] [BOT 70] Поток подключен
[2025-05-18 03:53:33] [info] [BOT 73] Поток подключен
[2025-05-18 03:53:33] [info] [BOT 68] Поток подключен
[2025-05-18 03:53:33] [info] [BOT 71] Поток подключен
[2025-05-18 03:53:33] [info] [BOT 67] Поток подключен
[2025-05-18 03:53:33] [info] [BOT 76] Поток подключен
[2025-05-18 03:53:33] [info] [BOT 75] Поток подключен
[2025-05-18 03:53:33] [info] Bot ID:[18] starting now
[2025-05-18 03:53:33] [info] [BOT 18] Запуск (аудио: True)
[2025-05-18 03:53:33] [info] [BOT 69] Поток подключен
[2025-05-18 03:53:33] [info] [BOT 74] Поток подключен
[2025-05-18 03:53:33] [info] [BOT 77] Поток подключен
[2025-05-18 03:53:34] [info] [BOT 78] Поток подключен
[2025-05-18 03:53:34] [info] Bot ID:[19] starting now
[2025-05-18 03:53:34] [info] [BOT 19] Запуск (аудио: True)
[2025-05-18 03:53:35] [info] Bot ID:[20] starting now
[2025-05-18 03:53:35] [info] [BOT 20] Запуск (аудио: True)
[2025-05-18 03:53:35] [info] Bot ID:[21] starting now
[2025-05-18 03:53:35] [info] [BOT 21] Запуск (аудио: True)
[2025-05-18 03:53:35] [info] [BOT 81] Поток подключен
[2025-05-18 03:53:35] [info] [BOT 84] Поток подключен
[2025-05-18 03:53:35] [info] [BOT 79] Поток подключен
[2025-05-18 03:53:35] [info] [BOT 80] Поток подключен
[2025-05-18 03:53:36] [info] [BOT 83] Поток подключен
[2025-05-18 03:53:36] [info] [BOT 82] Поток подключен
[2025-05-18 03:53:36] [info] [BOT 86] Поток подключен
[2025-05-18 03:53:36] [info] [BOT 85] Поток подключен
[2025-05-18 03:53:36] [info] Bot ID:[22] starting now
[2025-05-18 03:53:36] [info] [BOT 22] Запуск (аудио: True)
[2025-05-18 03:53:36] [info] [BOT 92] Поток подключен
[2025-05-18 03:53:36] [info] [BOT 87] Поток подключен
[2025-05-18 03:53:36] [info] [BOT 91] Поток подключен
[2025-05-18 03:53:36] [info] [BOT 96] Поток подключен
[2025-05-18 03:53:36] [info] [BOT 88] Поток подключен
[2025-05-18 03:53:36] [info] [BOT 89] Поток подключен
[2025-05-18 03:53:36] [info] [BOT 95] Поток подключен
[2025-05-18 03:53:36] [info] [BOT 90] Поток подключен
[2025-05-18 03:53:36] [info] [BOT 15] IRC подключен
[2025-05-18 03:53:36] [info] [BOT 9] IRC подключен
[2025-05-18 03:53:36] [info] [BOT 2] IRC подключен
[2025-05-18 03:53:36] [info] [BOT 0] IRC подключен
[2025-05-18 03:53:36] [info] [BOT 8] IRC подключен
[2025-05-18 03:53:36] [info] [BOT 5] IRC подключен
[2025-05-18 03:53:36] [info] [BOT 1] IRC подключен
[2025-05-18 03:53:36] [info] [BOT 18] IRC подключен
[2025-05-18 03:53:36] [info] [BOT 3] IRC подключен
[2025-05-18 03:53:36] [info] [BOT 7] IRC подключен
[2025-05-18 03:53:36] [info] [BOT 17] IRC подключен
[2025-05-18 03:53:36] [info] [BOT 0] IRC подключен
[2025-05-18 03:53:36] [info] [BOT 6] IRC подключен
[2025-05-18 03:53:36] [info] [BOT 13] IRC подключен
[2025-05-18 03:53:36] [info] [BOT 4] IRC подключен
[2025-05-18 03:53:36] [info] [BOT 16] IRC подключен
[2025-05-18 03:53:36] [info] [BOT 11] IRC подключен
[2025-05-18 03:53:36] [info] [BOT 12] IRC подключен
[2025-05-18 03:53:36] [info] [BOT 10] IRC подключен
[2025-05-18 03:53:36] [info] [BOT 14] IRC подключен
[2025-05-18 03:53:36] [info] [BOT 25] IRC подключен
[2025-05-18 03:53:36] [info] [BOT 19] IRC подключен
[2025-05-18 03:53:36] [info] [BOT 28] IRC подключен
[2025-05-18 03:53:36] [info] [BOT 27] IRC подключен
[2025-05-18 03:53:36] [info] [BOT 26] IRC подключен
[2025-05-18 03:53:36] [info] [BOT 29] IRC подключен
[2025-05-18 03:53:36] [info] [BOT 97] Поток подключен
[2025-05-18 03:53:36] [info] [BOT 93] Поток подключен
[2025-05-18 03:53:36] [info] [BOT 94] Поток подключен
[2025-05-18 03:53:36] [info] Bot ID:[23] starting now
[2025-05-18 03:53:36] [info] [BOT 23] Запуск (аудио: True)
[2025-05-18 03:53:37] [info] [BOT 98] Поток подключен
[2025-05-18 03:53:37] [info] Bot ID:[24] starting now
[2025-05-18 03:53:37] [info] [BOT 24] Запуск (аудио: True)
[2025-05-18 03:53:38] [info] Bot ID:[25] starting now
[2025-05-18 03:53:38] [info] [BOT 25] Запуск (аудио: True)
[2025-05-18 03:53:38] [info] [BOT 1] Поток подключен
[2025-05-18 03:53:38] [info] [BOT 99] Поток подключен
[2025-05-18 03:53:38] [info] [BOT 2] Поток подключен
[2025-05-18 03:53:38] [info] Bot ID:[26] starting now
[2025-05-18 03:53:38] [info] [BOT 26] Запуск (аудио: True)
[2025-05-18 03:53:38] [info] [BOT 3] Поток подключен
[2025-05-18 03:53:39] [info] [BOT 4] Поток подключен
[2025-05-18 03:53:39] [info] [BOT 7] Поток подключен
[2025-05-18 03:53:39] [info] [BOT 5] Поток подключен
[2025-05-18 03:53:39] [info] [BOT 8] Поток подключен
[2025-05-18 03:53:39] [info] [BOT 6] Поток подключен
[2025-05-18 03:53:39] [info] [BOT 9] Поток подключен
[2025-05-18 03:53:39] [info] [BOT 16] Поток подключен
[2025-05-18 03:53:39] [info] [BOT 13] Поток подключен
[2025-05-18 03:53:39] [info] [BOT 11] Поток подключен
[2025-05-18 03:53:39] [info] [BOT 15] Поток подключен
[2025-05-18 03:53:39] [info] [BOT 12] Поток подключен
[2025-05-18 03:53:39] [info] Bot ID:[27] starting now
[2025-05-18 03:53:39] [info] [BOT 27] Запуск (аудио: True)
[2025-05-18 03:53:39] [info] [BOT 10] Поток подключен
[2025-05-18 03:53:39] [info] [BOT 1] IRC подключен
[2025-05-18 03:53:39] [info] [BOT 2] IRC подключен
[2025-05-18 03:53:39] [info] [BOT 3] IRC подключен
[2025-05-18 03:53:39] [info] [BOT 18] Поток подключен
[2025-05-18 03:53:39] [info] [BOT 5] IRC подключен
[2025-05-18 03:53:39] [info] [BOT 6] IRC подключен
[2025-05-18 03:53:39] [info] [BOT 7] IRC подключен
[2025-05-18 03:53:39] [info] [BOT 4] IRC подключен
[2025-05-18 03:53:39] [info] [BOT 8] IRC подключен
[2025-05-18 03:53:39] [info] [BOT 9] IRC подключен
[2025-05-18 03:53:39] [info] [BOT 14] Поток подключен
[2025-05-18 03:53:39] [info] [BOT 16] IRC подключен
[2025-05-18 03:53:39] [info] [BOT 13] IRC подключен
[2025-05-18 03:53:39] [info] [BOT 17] Поток подключен
[2025-05-18 03:53:39] [info] [BOT 11] IRC подключен
[2025-05-18 03:53:39] [info] [BOT 15] IRC подключен
[2025-05-18 03:53:39] [info] Bot ID:[28] starting now
[2025-05-18 03:53:39] [info] [BOT 28] Запуск (аудио: True)
[2025-05-18 03:53:39] [info] [BOT 12] IRC подключен
[2025-05-18 03:53:40] [info] [BOT 19] Поток подключен
[2025-05-18 03:53:40] [info] [BOT 10] IRC подключен
[2025-05-18 03:53:40] [info] [BOT 18] IRC подключен
[2025-05-18 03:53:40] [info] [BOT 14] IRC подключен
[2025-05-18 03:53:40] [info] [BOT 17] IRC подключен
[2025-05-18 03:53:40] [info] [BOT 19] IRC подключен
[2025-05-18 03:53:40] [info] Bot ID:[29] starting now
[2025-05-18 03:53:40] [info] [BOT 29] Запуск (аудио: True)
[2025-05-18 03:53:41] [info] Bot ID:[30] starting now
[2025-05-18 03:53:41] [info] [BOT 30] Запуск (аудио: True)
[2025-05-18 03:53:41] [info] [BOT 22] Поток подключен
[2025-05-18 03:53:41] [info] [BOT 20] Поток подключен
[2025-05-18 03:53:41] [info] [BOT 23] Поток подключен
[2025-05-18 03:53:41] [info] [BOT 21] Поток подключен
[2025-05-18 03:53:41] [info] [BOT 24] Поток подключен
[2025-05-18 03:53:41] [info] Bot ID:[31] starting now
[2025-05-18 03:53:41] [info] [BOT 31] Запуск (аудио: True)
[2025-05-18 03:53:41] [info] [BOT 25] Поток подключен
[2025-05-18 03:53:41] [info] [BOT 26] Поток подключен
[2025-05-18 03:53:41] [info] [BOT 25] IRC подключен
[2025-05-18 03:53:42] [info] [BOT 26] IRC подключен
[2025-05-18 03:53:42] [info] Bot ID:[32] starting now
[2025-05-18 03:53:42] [info] [BOT 32] Запуск (аудио: True)
[2025-05-18 03:53:42] [info] [BOT 28] Поток подключен
[2025-05-18 03:53:42] [info] [BOT 27] Поток подключен
[2025-05-18 03:53:42] [info] [BOT 28] IRC подключен
[2025-05-18 03:53:42] [info] [BOT 27] IRC подключен
[2025-05-18 03:53:42] [info] Bot ID:[33] starting now
[2025-05-18 03:53:42] [info] [BOT 33] Запуск (аудио: True)
[2025-05-18 03:53:43] [info] [BOT 29] Поток подключен
[2025-05-18 03:53:43] [info] [BOT 29] IRC подключен
[2025-05-18 03:53:43] [info] Bot ID:[34] starting now
[2025-05-18 03:53:43] [info] [BOT 34] Запуск (аудио: True)
[2025-05-18 03:53:43] [info] [BOT 30] Поток подключен
[2025-05-18 03:53:44] [info] Bot ID:[35] starting now
[2025-05-18 03:53:44] [info] [BOT 35] Запуск (аудио: True)
[2025-05-18 03:53:44] [info] [BOT 31] Поток подключен
[2025-05-18 03:53:44] [info] Bot ID:[36] starting now
[2025-05-18 03:53:44] [info] [BOT 36] Запуск (аудио: True)
[2025-05-18 03:53:45] [info] [BOT 32] Поток подключен
[2025-05-18 03:53:45] [info] Bot ID:[37] starting now
[2025-05-18 03:53:45] [info] [BOT 37] Запуск (аудио: True)
[2025-05-18 03:53:45] [info] [BOT 33] Поток подключен
[2025-05-18 03:53:45] [info] Bot ID:[38] starting now
[2025-05-18 03:53:45] [info] [BOT 38] Запуск (аудио: True)
[2025-05-18 03:53:46] [info] [BOT 34] Поток подключен
[2025-05-18 03:53:46] [info] Bot ID:[39] starting now
[2025-05-18 03:53:46] [info] [BOT 39] Запуск (аудио: True)
[2025-05-18 03:53:46] [info] [BOT 35] Поток подключен
[2025-05-18 03:53:47] [info] Bot ID:[40] starting now
[2025-05-18 03:53:47] [info] [BOT 40] Запуск (аудио: True)
[2025-05-18 03:53:47] [info] [BOT 36] Поток подключен
[2025-05-18 03:53:47] [info] Bot ID:[41] starting now
[2025-05-18 03:53:47] [info] [BOT 41] Запуск (аудио: True)
[2025-05-18 03:53:47] [info] [BOT 37] Поток подключен
[2025-05-18 03:53:48] [info] Bot ID:[42] starting now
[2025-05-18 03:53:48] [info] [BOT 42] Запуск (аудио: True)
[2025-05-18 03:53:48] [info] [BOT 38] Поток подключен
[2025-05-18 03:53:48] [info] Bot ID:[43] starting now
[2025-05-18 03:53:48] [info] [BOT 43] Запуск (аудио: True)
[2025-05-18 03:53:48] [info] [BOT 39] Поток подключен
[2025-05-18 03:53:49] [info] Bot ID:[44] starting now
[2025-05-18 03:53:49] [info] [BOT 44] Запуск (аудио: True)
[2025-05-18 03:53:49] [info] [BOT 40] Поток подключен
[2025-05-18 03:53:50] [info] Bot ID:[45] starting now
[2025-05-18 03:53:50] [info] [BOT 45] Запуск (аудио: True)
[2025-05-18 03:53:50] [info] [BOT 41] Поток подключен
[2025-05-18 03:53:50] [info] Bot ID:[46] starting now
[2025-05-18 03:53:50] [info] [BOT 46] Запуск (аудио: True)
[2025-05-18 03:53:50] [info] [BOT 42] Поток подключен
[2025-05-18 03:53:51] [info] Bot ID:[47] starting now
[2025-05-18 03:53:51] [info] [BOT 47] Запуск (аудио: True)
[2025-05-18 03:53:51] [info] [BOT 43] Поток подключен
[2025-05-18 03:53:51] [info] Bot ID:[48] starting now
[2025-05-18 03:53:51] [info] [BOT 48] Запуск (аудио: True)
[2025-05-18 03:53:52] [info] [BOT 44] Поток подключен
[2025-05-18 03:53:52] [info] Bot ID:[49] starting now
[2025-05-18 03:53:52] [info] [BOT 49] Запуск (аудио: True)
[2025-05-18 03:53:52] [info] [BOT 45] Поток подключен
[2025-05-18 03:53:53] [info] Bot ID:[50] starting now
[2025-05-18 03:53:53] [info] [BOT 50] Запуск (аудио: True)
[2025-05-18 03:53:53] [info] [BOT 46] Поток подключен
[2025-05-18 03:53:53] [info] Bot ID:[51] starting now
[2025-05-18 03:53:53] [info] [BOT 51] Запуск (аудио: True)
[2025-05-18 03:53:53] [info] [BOT 47] Поток подключен
[2025-05-18 03:53:54] [info] Bot ID:[52] starting now
[2025-05-18 03:53:54] [info] [BOT 52] Запуск (аудио: True)
[2025-05-18 03:53:54] [info] [BOT 48] Поток подключен
[2025-05-18 03:53:54] [info] Bot ID:[53] starting now
[2025-05-18 03:53:54] [info] [BOT 53] Запуск (аудио: True)
[2025-05-18 03:53:55] [info] [BOT 49] Поток подключен
[2025-05-18 03:53:55] [info] Bot ID:[54] starting now
[2025-05-18 03:53:55] [info] [BOT 54] Запуск (аудио: True)
[2025-05-18 03:53:55] [info] [BOT 50] Поток подключен
[2025-05-18 03:53:56] [info] Bot ID:[55] starting now
[2025-05-18 03:53:56] [info] [BOT 55] Запуск (аудио: True)
[2025-05-18 03:53:56] [info] [BOT 51] Поток подключен
[2025-05-18 03:53:56] [info] Bot ID:[56] starting now
[2025-05-18 03:53:56] [info] [BOT 56] Запуск (аудио: True)
[2025-05-18 03:53:56] [info] [BOT 52] Поток подключен
[2025-05-18 03:53:57] [info] Bot ID:[57] starting now
[2025-05-18 03:53:57] [info] [BOT 57] Запуск (аудио: True)
[2025-05-18 03:53:57] [info] [BOT 53] Поток подключен
[2025-05-18 03:53:57] [info] Bot ID:[58] starting now
[2025-05-18 03:53:57] [info] [BOT 58] Запуск (аудио: True)
[2025-05-18 03:53:58] [info] [BOT 54] Поток подключен
[2025-05-18 03:53:58] [info] Bot ID:[59] starting now
[2025-05-18 03:53:58] [info] [BOT 59] Запуск (аудио: True)
[2025-05-18 03:53:58] [info] [BOT 55] Поток подключен
[2025-05-18 03:53:59] [info] Bot ID:[60] starting now
[2025-05-18 03:53:59] [info] [BOT 60] Запуск (аудио: True)
[2025-05-18 03:53:59] [info] [BOT 56] Поток подключен
[2025-05-18 03:53:59] [info] Bot ID:[61] starting now
[2025-05-18 03:53:59] [info] [BOT 61] Запуск (аудио: True)
[2025-05-18 03:54:00] [info] [BOT 57] Поток подключен
[2025-05-18 03:54:00] [info] Bot ID:[62] starting now
[2025-05-18 03:54:00] [info] [BOT 62] Запуск (аудио: True)
[2025-05-18 03:54:00] [info] [BOT 58] Поток подключен
[2025-05-18 03:54:00] [info] Bot ID:[63] starting now
[2025-05-18 03:54:00] [info] [BOT 63] Запуск (аудио: True)
[2025-05-18 03:54:01] [info] [BOT 59] Поток подключен
[2025-05-18 03:54:01] [info] Bot ID:[64] starting now
[2025-05-18 03:54:01] [info] [BOT 64] Запуск (аудио: True)
[2025-05-18 03:54:01] [info] [BOT 60] Поток подключен
[2025-05-18 03:54:02] [info] Bot ID:[65] starting now
[2025-05-18 03:54:02] [info] [BOT 65] Запуск (аудио: True)
[2025-05-18 03:54:02] [info] [BOT 61] Поток подключен
[2025-05-18 03:54:02] [info] Bot ID:[66] starting now
[2025-05-18 03:54:02] [info] [BOT 66] Запуск (аудио: True)
[2025-05-18 03:54:03] [info] [BOT 62] Поток подключен
[2025-05-18 03:54:03] [info] Bot ID:[67] starting now
[2025-05-18 03:54:03] [info] [BOT 67] Запуск (аудио: True)
[2025-05-18 03:54:03] [info] [BOT 63] Поток подключен
[2025-05-18 03:54:03] [info] [BOT 64] Поток подключен
[2025-05-18 03:54:03] [info] Bot ID:[68] starting now
[2025-05-18 03:54:03] [info] [BOT 68] Запуск (аудио: True)
[2025-05-18 03:54:04] [info] Bot ID:[69] starting now
[2025-05-18 03:54:04] [info] [BOT 69] Запуск (аудио: True)
[2025-05-18 03:54:04] [info] [BOT 65] Поток подключен
[2025-05-18 03:54:05] [info] [BOT 66] Поток подключен
[2025-05-18 03:54:05] [info] Bot ID:[70] starting now
[2025-05-18 03:54:05] [info] [BOT 70] Запуск (аудио: True)
[2025-05-18 03:54:05] [info] Bot ID:[71] starting now
[2025-05-18 03:54:05] [info] [BOT 71] Запуск (аудио: True)
[2025-05-18 03:54:05] [info] [BOT 67] Поток подключен
[2025-05-18 03:54:06] [info] Bot ID:[72] starting now
[2025-05-18 03:54:06] [info] [BOT 72] Запуск (аудио: True)
[2025-05-18 03:54:06] [info] [BOT 68] Поток подключен
[2025-05-18 03:54:06] [info] Bot ID:[73] starting now
[2025-05-18 03:54:06] [info] [BOT 73] Запуск (аудио: True)
[2025-05-18 03:54:07] [info] [BOT 69] Поток подключен
[2025-05-18 03:54:07] [info] Bot ID:[74] starting now
[2025-05-18 03:54:07] [info] [BOT 74] Запуск (аудио: True)
[2025-05-18 03:54:07] [info] [BOT 70] Поток подключен
[2025-05-18 03:54:08] [info] Bot ID:[75] starting now
[2025-05-18 03:54:08] [info] [BOT 75] Запуск (аудио: True)
[2025-05-18 03:54:08] [info] [BOT 71] Поток подключен
[2025-05-18 03:54:08] [info] Bot ID:[76] starting now
[2025-05-18 03:54:08] [info] [BOT 76] Запуск (аудио: True)
[2025-05-18 03:54:08] [info] [BOT 72] Поток подключен
[2025-05-18 03:54:09] [info] Bot ID:[77] starting now
[2025-05-18 03:54:09] [info] [BOT 77] Запуск (аудио: True)
[2025-05-18 03:54:09] [info] [BOT 73] Поток подключен
[2025-05-18 03:54:09] [info] Bot ID:[78] starting now
[2025-05-18 03:54:09] [info] [BOT 78] Запуск (аудио: True)
[2025-05-18 03:54:10] [info] [BOT 74] Поток подключен
[2025-05-18 03:54:10] [info] Bot ID:[79] starting now
[2025-05-18 03:54:10] [info] [BOT 79] Запуск (аудио: True)
[2025-05-18 03:54:10] [info] [BOT 75] Поток подключен
[2025-05-18 03:54:11] [info] Bot ID:[80] starting now
[2025-05-18 03:54:11] [info] [BOT 80] Запуск (аудио: True)
[2025-05-18 03:54:11] [info] [BOT 76] Поток подключен
[2025-05-18 03:54:11] [info] Bot ID:[81] starting now
[2025-05-18 03:54:11] [info] [BOT 81] Запуск (аудио: True)
[2025-05-18 03:54:11] [info] [BOT 77] Поток подключен
[2025-05-18 03:54:12] [info] Bot ID:[82] starting now
[2025-05-18 03:54:12] [info] [BOT 82] Запуск (аудио: True)
[2025-05-18 03:54:12] [info] [BOT 78] Поток подключен
[2025-05-18 03:54:12] [info] Bot ID:[83] starting now
[2025-05-18 03:54:12] [info] [BOT 83] Запуск (аудио: True)
[2025-05-18 03:54:13] [info] [BOT 79] Поток подключен
[2025-05-18 03:54:13] [info] Bot ID:[84] starting now
[2025-05-18 03:54:13] [info] [BOT 84] Запуск (аудио: True)
[2025-05-18 03:54:13] [info] [BOT 80] Поток подключен
[2025-05-18 03:54:14] [info] Bot ID:[85] starting now
[2025-05-18 03:54:14] [info] [BOT 85] Запуск (аудио: True)
[2025-05-18 03:54:14] [info] [BOT 81] Поток подключен
[2025-05-18 03:54:14] [info] Bot ID:[86] starting now
[2025-05-18 03:54:14] [info] [BOT 86] Запуск (аудио: True)
[2025-05-18 03:54:14] [info] [BOT 82] Поток подключен
[2025-05-18 03:54:15] [info] Bot ID:[87] starting now
[2025-05-18 03:54:15] [info] [BOT 87] Запуск (аудио: True)
[2025-05-18 03:54:15] [info] [BOT 83] Поток подключен
[2025-05-18 03:54:15] [info] Bot ID:[88] starting now
[2025-05-18 03:54:15] [info] [BOT 88] Запуск (аудио: True)
[2025-05-18 03:54:16] [info] [BOT 84] Поток подключен
[2025-05-18 03:54:16] [info] Bot ID:[89] starting now
[2025-05-18 03:54:16] [info] [BOT 89] Запуск (аудио: True)
[2025-05-18 03:54:16] [info] [BOT 85] Поток подключен
[2025-05-18 03:54:17] [info] Bot ID:[90] starting now
[2025-05-18 03:54:17] [info] [BOT 90] Запуск (аудио: True)
[2025-05-18 03:54:17] [info] [BOT 86] Поток подключен
[2025-05-18 03:54:17] [info] Bot ID:[91] starting now
[2025-05-18 03:54:17] [info] [BOT 91] Запуск (аудио: True)
[2025-05-18 03:54:18] [info] [BOT 87] Поток подключен
[2025-05-18 03:54:18] [info] Задача 2: осталось 00:23:00 (1380 сек)
[2025-05-18 03:54:18] [info] Задача 2: следующий чек через 60 сек...
[2025-05-18 03:54:18] [info] Bot ID:[92] starting now
[2025-05-18 03:54:18] [info] [BOT 92] Запуск (аудио: True)
[2025-05-18 03:54:18] [info] [BOT 88] Поток подключен
[2025-05-18 03:54:18] [info] Bot ID:[93] starting now
[2025-05-18 03:54:18] [info] [BOT 93] Запуск (аудио: True)
[2025-05-18 03:54:19] [info] [BOT 89] Поток подключен
[2025-05-18 03:54:19] [info] Bot ID:[94] starting now
[2025-05-18 03:54:19] [info] [BOT 94] Запуск (аудио: True)
[2025-05-18 03:54:19] [info] [BOT 90] Поток подключен
[2025-05-18 03:54:20] [info] Bot ID:[95] starting now
[2025-05-18 03:54:20] [info] [BOT 95] Запуск (аудио: True)
[2025-05-18 03:54:20] [info] [BOT 91] Поток подключен
[2025-05-18 03:54:20] [info] Bot ID:[96] starting now
[2025-05-18 03:54:20] [info] [BOT 96] Запуск (аудио: True)
[2025-05-18 03:54:21] [info] [BOT 92] Поток подключен
[2025-05-18 03:54:21] [info] Bot ID:[97] starting now
[2025-05-18 03:54:21] [info] [BOT 97] Запуск (аудио: True)
[2025-05-18 03:54:21] [info] [BOT 93] Поток подключен
[2025-05-18 03:54:22] [info] Bot ID:[98] starting now
[2025-05-18 03:54:22] [info] [BOT 98] Запуск (аудио: True)
[2025-05-18 03:54:22] [info] [BOT 94] Поток подключен
[2025-05-18 03:54:22] [info] Bot ID:[99] starting now
[2025-05-18 03:54:22] [info] [BOT 99] Запуск (аудио: True)
[2025-05-18 03:54:22] [info] [BOT 95] Поток подключен
[2025-05-18 03:54:23] [info] [BOT 96] Поток подключен
[2025-05-18 03:54:24] [info] [BOT 97] Поток подключен
[2025-05-18 03:54:24] [info] [BOT 98] Поток подключен
[2025-05-18 03:54:25] [info] [BOT 99] Поток подключен
[2025-05-18 03:55:18] [info] Задача 2: осталось 00:22:00 (1320 сек)
[2025-05-18 03:55:18] [info] Задача 2: следующий чек через 60 сек...
[2025-05-18 03:56:18] [info] Задача 2: осталось 00:21:00 (1260 сек)
[2025-05-18 03:56:18] [info] Задача 2: следующий чек через 60 сек...
[2025-05-18 03:57:18] [info] Задача 2: осталось 00:20:00 (1200 сек)
[2025-05-18 03:57:18] [info] Задача 2: следующий чек через 60 сек...
[2025-05-18 03:58:18] [info] Задача 2: осталось 00:19:00 (1140 сек)
[2025-05-18 03:58:18] [info] Задача 2: следующий чек через 60 сек...
