[2025-05-15 19:25:37] [error] Bot error: Session.request() got an unexpected keyword argument 'proxy'
[2025-05-15 19:25:37] [error] Traceback (most recent call last):
  File "C:\Users\semtrip.DESKTOP-QDM923H\Documents\GitHub\stream_shop_service\backend\Service\Twitch\bot.py", line 57, in start
    async with session.head(url, proxy=proxy_url, headers=headers, timeout=10):
               ~~~~~~~~~~~~^^^^^^^^^^^^^^^^^^^^^^^^^^^^^^^^^^^^^^^^^^^^^^^^^^^
  File "C:\Users\semtrip.DESKTOP-QDM923H\AppData\Roaming\Python\Python313\site-packages\requests\sessions.py", line 624, in head
    return self.request("HEAD", url, **kwargs)
           ~~~~~~~~~~~~^^^^^^^^^^^^^^^^^^^^^^^
TypeError: Session.request() got an unexpected keyword argument 'proxy'

[2025-05-15 19:25:39] [error] Bot error: Session.request() got an unexpected keyword argument 'proxy'
[2025-05-15 19:25:39] [error] Traceback (most recent call last):
  File "C:\Users\semtrip.DESKTOP-QDM923H\Documents\GitHub\stream_shop_service\backend\Service\Twitch\bot.py", line 57, in start
    async with session.head(url, proxy=proxy_url, headers=headers, timeout=10):
               ~~~~~~~~~~~~^^^^^^^^^^^^^^^^^^^^^^^^^^^^^^^^^^^^^^^^^^^^^^^^^^^
  File "C:\Users\semtrip.DESKTOP-QDM923H\AppData\Roaming\Python\Python313\site-packages\requests\sessions.py", line 624, in head
    return self.request("HEAD", url, **kwargs)
           ~~~~~~~~~~~~^^^^^^^^^^^^^^^^^^^^^^^
TypeError: Session.request() got an unexpected keyword argument 'proxy'

[2025-05-15 19:25:41] [error] Bot error: Session.request() got an unexpected keyword argument 'proxy'
[2025-05-15 19:25:41] [error] Traceback (most recent call last):
  File "C:\Users\semtrip.DESKTOP-QDM923H\Documents\GitHub\stream_shop_service\backend\Service\Twitch\bot.py", line 57, in start
    async with session.head(url, proxy=proxy_url, headers=headers, timeout=10):
               ~~~~~~~~~~~~^^^^^^^^^^^^^^^^^^^^^^^^^^^^^^^^^^^^^^^^^^^^^^^^^^^
  File "C:\Users\semtrip.DESKTOP-QDM923H\AppData\Roaming\Python\Python313\site-packages\requests\sessions.py", line 624, in head
    return self.request("HEAD", url, **kwargs)
           ~~~~~~~~~~~~^^^^^^^^^^^^^^^^^^^^^^^
TypeError: Session.request() got an unexpected keyword argument 'proxy'

[2025-05-15 19:25:43] [error] Bot error: Session.request() got an unexpected keyword argument 'proxy'
[2025-05-15 19:25:43] [error] Traceback (most recent call last):
  File "C:\Users\semtrip.DESKTOP-QDM923H\Documents\GitHub\stream_shop_service\backend\Service\Twitch\bot.py", line 57, in start
    async with session.head(url, proxy=proxy_url, headers=headers, timeout=10):
               ~~~~~~~~~~~~^^^^^^^^^^^^^^^^^^^^^^^^^^^^^^^^^^^^^^^^^^^^^^^^^^^
  File "C:\Users\semtrip.DESKTOP-QDM923H\AppData\Roaming\Python\Python313\site-packages\requests\sessions.py", line 624, in head
    return self.request("HEAD", url, **kwargs)
           ~~~~~~~~~~~~^^^^^^^^^^^^^^^^^^^^^^^
TypeError: Session.request() got an unexpected keyword argument 'proxy'

[2025-05-15 19:25:44] [error] Bot error: Session.request() got an unexpected keyword argument 'proxy'
[2025-05-15 19:25:44] [error] Traceback (most recent call last):
  File "C:\Users\semtrip.DESKTOP-QDM923H\Documents\GitHub\stream_shop_service\backend\Service\Twitch\bot.py", line 57, in start
    async with session.head(url, proxy=proxy_url, headers=headers, timeout=10):
               ~~~~~~~~~~~~^^^^^^^^^^^^^^^^^^^^^^^^^^^^^^^^^^^^^^^^^^^^^^^^^^^
  File "C:\Users\semtrip.DESKTOP-QDM923H\AppData\Roaming\Python\Python313\site-packages\requests\sessions.py", line 624, in head
    return self.request("HEAD", url, **kwargs)
           ~~~~~~~~~~~~^^^^^^^^^^^^^^^^^^^^^^^
TypeError: Session.request() got an unexpected keyword argument 'proxy'

[2025-05-15 19:25:46] [error] Bot error: Session.request() got an unexpected keyword argument 'proxy'
[2025-05-15 19:25:46] [error] Traceback (most recent call last):
  File "C:\Users\semtrip.DESKTOP-QDM923H\Documents\GitHub\stream_shop_service\backend\Service\Twitch\bot.py", line 57, in start
    async with session.head(url, proxy=proxy_url, headers=headers, timeout=10):
               ~~~~~~~~~~~~^^^^^^^^^^^^^^^^^^^^^^^^^^^^^^^^^^^^^^^^^^^^^^^^^^^
  File "C:\Users\semtrip.DESKTOP-QDM923H\AppData\Roaming\Python\Python313\site-packages\requests\sessions.py", line 624, in head
    return self.request("HEAD", url, **kwargs)
           ~~~~~~~~~~~~^^^^^^^^^^^^^^^^^^^^^^^
TypeError: Session.request() got an unexpected keyword argument 'proxy'

[2025-05-15 19:25:48] [error] Bot error: Session.request() got an unexpected keyword argument 'proxy'
[2025-05-15 19:25:48] [error] Traceback (most recent call last):
  File "C:\Users\semtrip.DESKTOP-QDM923H\Documents\GitHub\stream_shop_service\backend\Service\Twitch\bot.py", line 57, in start
    async with session.head(url, proxy=proxy_url, headers=headers, timeout=10):
               ~~~~~~~~~~~~^^^^^^^^^^^^^^^^^^^^^^^^^^^^^^^^^^^^^^^^^^^^^^^^^^^
  File "C:\Users\semtrip.DESKTOP-QDM923H\AppData\Roaming\Python\Python313\site-packages\requests\sessions.py", line 624, in head
    return self.request("HEAD", url, **kwargs)
           ~~~~~~~~~~~~^^^^^^^^^^^^^^^^^^^^^^^
TypeError: Session.request() got an unexpected keyword argument 'proxy'

[2025-05-15 19:25:50] [error] Bot error: Session.request() got an unexpected keyword argument 'proxy'
[2025-05-15 19:25:50] [error] Traceback (most recent call last):
  File "C:\Users\semtrip.DESKTOP-QDM923H\Documents\GitHub\stream_shop_service\backend\Service\Twitch\bot.py", line 57, in start
    async with session.head(url, proxy=proxy_url, headers=headers, timeout=10):
               ~~~~~~~~~~~~^^^^^^^^^^^^^^^^^^^^^^^^^^^^^^^^^^^^^^^^^^^^^^^^^^^
  File "C:\Users\semtrip.DESKTOP-QDM923H\AppData\Roaming\Python\Python313\site-packages\requests\sessions.py", line 624, in head
    return self.request("HEAD", url, **kwargs)
           ~~~~~~~~~~~~^^^^^^^^^^^^^^^^^^^^^^^
TypeError: Session.request() got an unexpected keyword argument 'proxy'

[2025-05-15 19:25:51] [error] Bot error: Session.request() got an unexpected keyword argument 'proxy'
[2025-05-15 19:25:51] [error] Traceback (most recent call last):
  File "C:\Users\semtrip.DESKTOP-QDM923H\Documents\GitHub\stream_shop_service\backend\Service\Twitch\bot.py", line 57, in start
    async with session.head(url, proxy=proxy_url, headers=headers, timeout=10):
               ~~~~~~~~~~~~^^^^^^^^^^^^^^^^^^^^^^^^^^^^^^^^^^^^^^^^^^^^^^^^^^^
  File "C:\Users\semtrip.DESKTOP-QDM923H\AppData\Roaming\Python\Python313\site-packages\requests\sessions.py", line 624, in head
    return self.request("HEAD", url, **kwargs)
           ~~~~~~~~~~~~^^^^^^^^^^^^^^^^^^^^^^^
TypeError: Session.request() got an unexpected keyword argument 'proxy'

[2025-05-15 19:25:53] [error] Bot error: Session.request() got an unexpected keyword argument 'proxy'
[2025-05-15 19:25:53] [error] Traceback (most recent call last):
  File "C:\Users\semtrip.DESKTOP-QDM923H\Documents\GitHub\stream_shop_service\backend\Service\Twitch\bot.py", line 57, in start
    async with session.head(url, proxies=proxy_url, headers=headers, timeout=10):
               ^^^^^^^^^^^^^^^^^^^^^^^^^^^^^^^^^^^^^^^^^^^^^^^^^^^^^^^^^^^^^^^
  File "C:\Users\semtrip.DESKTOP-QDM923H\AppData\Roaming\Python\Python313\site-packages\requests\sessions.py", line 624, in head
    return self.request("HEAD", url, **kwargs)
           ~~~~~~~~~~~~^^^^^^^^^^^^^^^^^^^^^^^
TypeError: Session.request() got an unexpected keyword argument 'proxy'

