[2025-05-18 02:55:24] [info] Загружено [36m1[0m задач в память
[2025-05-18 02:55:24] [info] Сброс выполняющихся и ошибочных задач в статус Pending...
[2025-05-18 02:55:24] [info] Сброшено [33m1[0m задач.
[2025-05-18 02:55:24] [info] Загружено [36m800[0m прокси в память
[2025-05-18 02:55:24] [info] Загружено [36m800[0m аккаунтов в память
[2025-05-18 02:55:38] [info] Initialized TwitchService for channel: semtrip
[2025-05-18 02:55:38] [info] Запускается Twitch-сервис для задачи 2 (URL: https://www.twitch.tv/semtrip)
[2025-05-18 02:55:38] [info] Checking stream status for [36msemtrip[0m
[2025-05-18 02:55:40] [info] [Stream Status] [36msemtrip[0m - [32mOnline[0m
[2025-05-18 02:55:40] [info] Стрим https://www.twitch.tv/semtrip в эфире. Начинаем выполнение задачи 2.
[2025-05-18 02:55:40] [info] Starting 100 bots (ramp-up: 1 minutes)
[2025-05-18 02:55:40] [info] Задача 2 запущена на 00:33:00 (1980 секунд)
[2025-05-18 02:55:40] [info] Задача 2: следующий чек через 60 сек...
[2025-05-18 02:55:40] [info] Restarting dead bot ID:[0]
[2025-05-18 02:55:40] [info] Restarting dead bot ID:[1]
[2025-05-18 02:55:40] [info] Restarting dead bot ID:[2]
[2025-05-18 02:55:40] [info] Restarting dead bot ID:[3]
[2025-05-18 02:55:40] [info] Restarting dead bot ID:[4]
[2025-05-18 02:55:40] [info] Restarting dead bot ID:[5]
[2025-05-18 02:55:40] [info] Restarting dead bot ID:[6]
[2025-05-18 02:55:40] [info] Restarting dead bot ID:[7]
[2025-05-18 02:55:40] [info] Restarting dead bot ID:[8]
[2025-05-18 02:55:40] [info] Restarting dead bot ID:[9]
[2025-05-18 02:55:40] [info] Restarting dead bot ID:[10]
[2025-05-18 02:55:40] [info] Restarting dead bot ID:[11]
[2025-05-18 02:55:40] [info] Restarting dead bot ID:[12]
[2025-05-18 02:55:40] [info] Restarting dead bot ID:[13]
[2025-05-18 02:55:40] [info] Restarting dead bot ID:[14]
[2025-05-18 02:55:40] [info] Restarting dead bot ID:[15]
[2025-05-18 02:55:40] [info] Restarting dead bot ID:[16]
[2025-05-18 02:55:40] [info] Restarting dead bot ID:[17]
[2025-05-18 02:55:40] [info] Restarting dead bot ID:[18]
[2025-05-18 02:55:40] [info] Restarting dead bot ID:[19]
[2025-05-18 02:55:40] [info] Restarting dead bot ID:[20]
[2025-05-18 02:55:40] [info] Restarting dead bot ID:[21]
[2025-05-18 02:55:40] [info] Restarting dead bot ID:[22]
[2025-05-18 02:55:40] [info] Restarting dead bot ID:[23]
[2025-05-18 02:55:40] [info] Restarting dead bot ID:[24]
[2025-05-18 02:55:40] [info] Restarting dead bot ID:[25]
[2025-05-18 02:55:40] [info] Restarting dead bot ID:[26]
[2025-05-18 02:55:40] [info] Restarting dead bot ID:[27]
[2025-05-18 02:55:40] [info] Restarting dead bot ID:[28]
[2025-05-18 02:55:40] [info] Restarting dead bot ID:[29]
[2025-05-18 02:55:40] [info] Restarting dead bot ID:[30]
[2025-05-18 02:55:40] [info] Restarting dead bot ID:[31]
[2025-05-18 02:55:40] [info] Restarting dead bot ID:[32]
[2025-05-18 02:55:40] [info] Restarting dead bot ID:[33]
[2025-05-18 02:55:40] [info] Restarting dead bot ID:[34]
[2025-05-18 02:55:40] [info] Restarting dead bot ID:[35]
[2025-05-18 02:55:40] [info] Restarting dead bot ID:[36]
[2025-05-18 02:55:40] [info] Restarting dead bot ID:[37]
[2025-05-18 02:55:40] [info] Restarting dead bot ID:[38]
[2025-05-18 02:55:40] [info] Restarting dead bot ID:[39]
[2025-05-18 02:55:40] [info] Restarting dead bot ID:[40]
[2025-05-18 02:55:40] [info] Restarting dead bot ID:[41]
[2025-05-18 02:55:40] [info] Restarting dead bot ID:[42]
[2025-05-18 02:55:40] [info] Restarting dead bot ID:[43]
[2025-05-18 02:55:40] [info] Restarting dead bot ID:[44]
[2025-05-18 02:55:40] [info] Restarting dead bot ID:[45]
[2025-05-18 02:55:40] [info] Restarting dead bot ID:[46]
[2025-05-18 02:55:40] [info] Restarting dead bot ID:[47]
[2025-05-18 02:55:40] [info] Restarting dead bot ID:[48]
[2025-05-18 02:55:40] [info] Restarting dead bot ID:[49]
[2025-05-18 02:55:40] [info] Restarting dead bot ID:[50]
[2025-05-18 02:55:40] [info] Restarting dead bot ID:[51]
[2025-05-18 02:55:40] [info] Restarting dead bot ID:[52]
[2025-05-18 02:55:40] [info] Restarting dead bot ID:[53]
[2025-05-18 02:55:40] [info] Restarting dead bot ID:[54]
[2025-05-18 02:55:40] [info] Restarting dead bot ID:[55]
[2025-05-18 02:55:40] [info] Restarting dead bot ID:[56]
[2025-05-18 02:55:40] [info] Restarting dead bot ID:[57]
[2025-05-18 02:55:40] [info] Restarting dead bot ID:[58]
[2025-05-18 02:55:40] [info] Restarting dead bot ID:[59]
[2025-05-18 02:55:40] [info] Restarting dead bot ID:[60]
[2025-05-18 02:55:40] [info] Restarting dead bot ID:[61]
[2025-05-18 02:55:40] [info] Restarting dead bot ID:[62]
[2025-05-18 02:55:40] [info] Restarting dead bot ID:[63]
[2025-05-18 02:55:40] [info] Restarting dead bot ID:[64]
[2025-05-18 02:55:40] [info] Restarting dead bot ID:[65]
[2025-05-18 02:55:40] [info] Restarting dead bot ID:[66]
[2025-05-18 02:55:40] [info] Restarting dead bot ID:[67]
[2025-05-18 02:55:40] [info] Restarting dead bot ID:[68]
[2025-05-18 02:55:40] [info] Restarting dead bot ID:[69]
[2025-05-18 02:55:40] [info] Restarting dead bot ID:[70]
[2025-05-18 02:55:40] [info] Restarting dead bot ID:[71]
[2025-05-18 02:55:40] [info] Restarting dead bot ID:[72]
[2025-05-18 02:55:40] [info] Restarting dead bot ID:[73]
[2025-05-18 02:55:40] [info] Restarting dead bot ID:[74]
[2025-05-18 02:55:40] [info] Restarting dead bot ID:[75]
[2025-05-18 02:55:40] [info] Restarting dead bot ID:[76]
[2025-05-18 02:55:40] [info] Restarting dead bot ID:[77]
[2025-05-18 02:55:40] [info] Restarting dead bot ID:[78]
[2025-05-18 02:55:40] [info] Restarting dead bot ID:[79]
[2025-05-18 02:55:40] [info] Restarting dead bot ID:[80]
[2025-05-18 02:55:40] [info] Restarting dead bot ID:[81]
[2025-05-18 02:55:40] [info] Restarting dead bot ID:[82]
[2025-05-18 02:55:40] [info] Restarting dead bot ID:[83]
[2025-05-18 02:55:40] [info] Restarting dead bot ID:[84]
[2025-05-18 02:55:40] [info] Restarting dead bot ID:[85]
[2025-05-18 02:55:40] [info] Restarting dead bot ID:[86]
[2025-05-18 02:55:40] [info] Restarting dead bot ID:[87]
[2025-05-18 02:55:40] [info] Restarting dead bot ID:[88]
[2025-05-18 02:55:40] [info] Restarting dead bot ID:[89]
[2025-05-18 02:55:40] [info] Restarting dead bot ID:[90]
[2025-05-18 02:55:40] [info] Restarting dead bot ID:[91]
[2025-05-18 02:55:40] [info] Restarting dead bot ID:[92]
[2025-05-18 02:55:40] [info] Restarting dead bot ID:[93]
[2025-05-18 02:55:40] [info] Restarting dead bot ID:[94]
[2025-05-18 02:55:40] [info] Restarting dead bot ID:[95]
[2025-05-18 02:55:40] [info] Restarting dead bot ID:[96]
[2025-05-18 02:55:40] [info] Restarting dead bot ID:[97]
[2025-05-18 02:55:40] [info] Restarting dead bot ID:[98]
[2025-05-18 02:55:40] [info] Restarting dead bot ID:[99]
[2025-05-18 02:55:40] [info] Restarting dead bot ID:[70]
[2025-05-18 02:55:40] [error] Monitoring error: 'TwitchBotAuth' object has no attribute 'account'
[2025-05-18 02:55:41] [info] Bot ID:[84] Connecting with proxy: socks5://rlF97R:IL9MJzmIaa@188.130.129.73:1051
[2025-05-18 02:55:42] [info] Bot ID:[79] Connecting with proxy: socks5://rlF97R:IL9MJzmIaa@46.8.23.199:1051
[2025-05-18 02:55:43] [info] Bot ID:[92] Connecting with proxy: socks5://rlF97R:IL9MJzmIaa@188.130.128.220:1051
[2025-05-18 02:55:44] [info] Bot ID:[91] Connecting with proxy: socks5://rlF97R:IL9MJzmIaa@109.248.143.127:1051
[2025-05-18 02:55:45] [info] Bot ID:[78] Connecting with proxy: socks5://rlF97R:IL9MJzmIaa@188.130.186.169:1051
[2025-05-18 02:55:45] [info] Restarting dead bot ID:[70]
[2025-05-18 02:55:45] [error] Monitoring error: 'TwitchBotAuth' object has no attribute 'account'
[2025-05-18 02:55:49] [info] Bot ID:[84] Connecting to chat as kaoticexorcist
[2025-05-18 02:55:49] [info] Bot ID:[79] Connecting to chat as gbfxp55
[2025-05-18 02:55:49] [info] Bot ID:[92] Connecting to chat as core_z0mb1e
[2025-05-18 02:55:49] [info] Bot ID:[91] Connecting to chat as aly__nee
[2025-05-18 02:55:49] [info] Bot ID:[78] Connecting to chat as justmartinyo
[2025-05-18 02:55:50] [info] Restarting dead bot ID:[70]
[2025-05-18 02:55:50] [error] Monitoring error: 'TwitchBotAuth' object has no attribute 'account'
[2025-05-18 02:55:54] [info] Bot ID:[83] Connecting with proxy: socks5://rlF97R:IL9MJzmIaa@46.8.193.118:1051
[2025-05-18 02:55:55] [info] Bot ID:[83] Connecting to chat as valehps99
[2025-05-18 02:55:55] [info] Restarting dead bot ID:[70]
[2025-05-18 02:55:55] [error] Monitoring error: 'TwitchBotAuth' object has no attribute 'account'
[2025-05-18 02:55:55] [info] Bot ID:[80] Connecting with proxy: socks5://rlF97R:IL9MJzmIaa@45.15.72.40:1051
[2025-05-18 02:55:57] [info] Bot ID:[80] Connecting to chat as the_gamer_003
[2025-05-18 02:56:00] [info] Bot ID:[81] Connecting with proxy: socks5://rlF97R:IL9MJzmIaa@109.248.167.244:1051
[2025-05-18 02:56:00] [info] Bot ID:[90] Connecting with proxy: socks5://rlF97R:IL9MJzmIaa@46.8.212.110:1051
[2025-05-18 02:56:00] [info] Restarting dead bot ID:[70]
[2025-05-18 02:56:00] [error] Monitoring error: 'TwitchBotAuth' object has no attribute 'account'
[2025-05-18 02:56:01] [info] Bot ID:[81] Connecting to chat as strawhatr6
[2025-05-18 02:56:01] [info] Bot ID:[90] Connecting to chat as 666_bambi_666
[2025-05-18 02:56:02] [info] Bot ID:[70] Connecting with proxy: socks5://rlF97R:IL9MJzmIaa@109.248.142.14:1051
[2025-05-18 02:56:03] [info] Bot ID:[70] Connecting to chat as matprogamez
[2025-05-18 02:56:05] [info] Restarting dead bot ID:[71]
[2025-05-18 02:56:05] [error] Monitoring error: 'TwitchBotAuth' object has no attribute 'account'
[2025-05-18 02:56:06] [info] Bot ID:[85] Connecting with proxy: socks5://rlF97R:IL9MJzmIaa@45.90.196.121:1051
[2025-05-18 02:56:07] [info] Bot ID:[85] Connecting to chat as steezywicked
[2025-05-18 02:56:08] [info] Bot ID:[89] Connecting with proxy: socks5://rlF97R:IL9MJzmIaa@46.8.16.237:1051
[2025-05-18 02:56:09] [info] Bot ID:[75] Connecting with proxy: socks5://rlF97R:IL9MJzmIaa@45.81.137.236:1051
[2025-05-18 02:56:09] [info] Bot ID:[89] Connecting to chat as pabloluque17
[2025-05-18 02:56:10] [info] Bot ID:[75] Connecting to chat as walquinfps
[2025-05-18 02:56:10] [info] Bot ID:[96] Connecting with proxy: socks5://rlF97R:IL9MJzmIaa@45.86.1.166:1051
[2025-05-18 02:56:10] [info] Restarting dead bot ID:[0]
[2025-05-18 02:56:10] [info] Restarting dead bot ID:[1]
[2025-05-18 02:56:10] [info] Restarting dead bot ID:[2]
[2025-05-18 02:56:10] [info] Restarting dead bot ID:[3]
[2025-05-18 02:56:10] [info] Restarting dead bot ID:[4]
[2025-05-18 02:56:10] [info] Restarting dead bot ID:[5]
[2025-05-18 02:56:10] [info] Restarting dead bot ID:[6]
[2025-05-18 02:56:10] [info] Restarting dead bot ID:[7]
[2025-05-18 02:56:10] [info] Restarting dead bot ID:[8]
[2025-05-18 02:56:10] [info] Restarting dead bot ID:[9]
[2025-05-18 02:56:10] [info] Restarting dead bot ID:[10]
[2025-05-18 02:56:10] [info] Restarting dead bot ID:[11]
[2025-05-18 02:56:10] [info] Restarting dead bot ID:[12]
[2025-05-18 02:56:10] [info] Restarting dead bot ID:[13]
[2025-05-18 02:56:10] [info] Restarting dead bot ID:[14]
[2025-05-18 02:56:10] [info] Restarting dead bot ID:[15]
[2025-05-18 02:56:10] [info] Restarting dead bot ID:[16]
[2025-05-18 02:56:10] [info] Restarting dead bot ID:[17]
[2025-05-18 02:56:10] [info] Restarting dead bot ID:[18]
[2025-05-18 02:56:10] [info] Restarting dead bot ID:[19]
[2025-05-18 02:56:10] [info] Restarting dead bot ID:[20]
[2025-05-18 02:56:10] [info] Restarting dead bot ID:[21]
[2025-05-18 02:56:10] [info] Restarting dead bot ID:[22]
[2025-05-18 02:56:10] [info] Restarting dead bot ID:[23]
[2025-05-18 02:56:10] [info] Restarting dead bot ID:[24]
[2025-05-18 02:56:10] [info] Restarting dead bot ID:[25]
[2025-05-18 02:56:10] [info] Restarting dead bot ID:[26]
[2025-05-18 02:56:10] [info] Restarting dead bot ID:[27]
[2025-05-18 02:56:10] [info] Restarting dead bot ID:[28]
[2025-05-18 02:56:10] [info] Restarting dead bot ID:[29]
[2025-05-18 02:56:10] [info] Restarting dead bot ID:[30]
[2025-05-18 02:56:10] [info] Restarting dead bot ID:[31]
[2025-05-18 02:56:10] [info] Restarting dead bot ID:[32]
[2025-05-18 02:56:10] [info] Restarting dead bot ID:[33]
[2025-05-18 02:56:10] [info] Restarting dead bot ID:[34]
[2025-05-18 02:56:10] [info] Restarting dead bot ID:[35]
[2025-05-18 02:56:10] [info] Restarting dead bot ID:[36]
[2025-05-18 02:56:10] [info] Restarting dead bot ID:[37]
[2025-05-18 02:56:10] [info] Restarting dead bot ID:[38]
[2025-05-18 02:56:10] [info] Restarting dead bot ID:[39]
[2025-05-18 02:56:10] [info] Restarting dead bot ID:[40]
[2025-05-18 02:56:10] [info] Restarting dead bot ID:[41]
[2025-05-18 02:56:10] [info] Restarting dead bot ID:[42]
[2025-05-18 02:56:10] [info] Restarting dead bot ID:[43]
[2025-05-18 02:56:10] [info] Restarting dead bot ID:[44]
[2025-05-18 02:56:10] [info] Restarting dead bot ID:[45]
[2025-05-18 02:56:10] [info] Restarting dead bot ID:[46]
[2025-05-18 02:56:10] [info] Restarting dead bot ID:[47]
[2025-05-18 02:56:10] [info] Restarting dead bot ID:[48]
[2025-05-18 02:56:10] [info] Restarting dead bot ID:[49]
[2025-05-18 02:56:10] [info] Restarting dead bot ID:[50]
[2025-05-18 02:56:10] [info] Restarting dead bot ID:[51]
[2025-05-18 02:56:10] [info] Restarting dead bot ID:[52]
[2025-05-18 02:56:10] [info] Restarting dead bot ID:[53]
[2025-05-18 02:56:10] [info] Restarting dead bot ID:[54]
[2025-05-18 02:56:10] [info] Restarting dead bot ID:[55]
[2025-05-18 02:56:10] [info] Restarting dead bot ID:[56]
[2025-05-18 02:56:10] [info] Restarting dead bot ID:[57]
[2025-05-18 02:56:10] [info] Restarting dead bot ID:[58]
[2025-05-18 02:56:10] [info] Restarting dead bot ID:[59]
[2025-05-18 02:56:10] [info] Restarting dead bot ID:[60]
[2025-05-18 02:56:10] [info] Restarting dead bot ID:[61]
[2025-05-18 02:56:10] [info] Restarting dead bot ID:[62]
[2025-05-18 02:56:10] [info] Restarting dead bot ID:[63]
[2025-05-18 02:56:10] [info] Restarting dead bot ID:[64]
[2025-05-18 02:56:10] [info] Restarting dead bot ID:[65]
[2025-05-18 02:56:10] [info] Restarting dead bot ID:[66]
[2025-05-18 02:56:10] [info] Restarting dead bot ID:[67]
[2025-05-18 02:56:10] [info] Restarting dead bot ID:[68]
[2025-05-18 02:56:10] [info] Restarting dead bot ID:[69]
[2025-05-18 02:56:10] [info] Restarting dead bot ID:[70]
[2025-05-18 02:56:10] [info] Restarting dead bot ID:[71]
[2025-05-18 02:56:10] [info] Restarting dead bot ID:[72]
[2025-05-18 02:56:10] [info] Restarting dead bot ID:[73]
[2025-05-18 02:56:10] [info] Restarting dead bot ID:[74]
[2025-05-18 02:56:10] [info] Restarting dead bot ID:[75]
[2025-05-18 02:56:10] [info] Restarting dead bot ID:[76]
[2025-05-18 02:56:10] [info] Restarting dead bot ID:[77]
[2025-05-18 02:56:10] [info] Restarting dead bot ID:[78]
[2025-05-18 02:56:10] [info] Restarting dead bot ID:[79]
[2025-05-18 02:56:10] [info] Restarting dead bot ID:[80]
[2025-05-18 02:56:10] [info] Restarting dead bot ID:[81]
[2025-05-18 02:56:10] [info] Restarting dead bot ID:[82]
[2025-05-18 02:56:10] [info] Restarting dead bot ID:[83]
[2025-05-18 02:56:10] [info] Restarting dead bot ID:[84]
[2025-05-18 02:56:10] [info] Restarting dead bot ID:[85]
[2025-05-18 02:56:10] [info] Restarting dead bot ID:[86]
[2025-05-18 02:56:10] [info] Restarting dead bot ID:[87]
[2025-05-18 02:56:10] [info] Restarting dead bot ID:[88]
[2025-05-18 02:56:10] [info] Restarting dead bot ID:[89]
[2025-05-18 02:56:10] [info] Restarting dead bot ID:[90]
[2025-05-18 02:56:10] [info] Restarting dead bot ID:[91]
[2025-05-18 02:56:10] [info] Restarting dead bot ID:[92]
[2025-05-18 02:56:10] [info] Restarting dead bot ID:[93]
[2025-05-18 02:56:10] [info] Restarting dead bot ID:[94]
[2025-05-18 02:56:10] [info] Restarting dead bot ID:[95]
[2025-05-18 02:56:10] [info] Restarting dead bot ID:[96]
[2025-05-18 02:56:10] [info] Restarting dead bot ID:[97]
[2025-05-18 02:56:10] [info] Restarting dead bot ID:[98]
[2025-05-18 02:56:10] [info] Restarting dead bot ID:[99]
[2025-05-18 02:56:10] [info] Restarting dead bot ID:[71]
[2025-05-18 02:56:10] [error] Monitoring error: 'TwitchBotAuth' object has no attribute 'account'
[2025-05-18 02:56:11] [info] Bot ID:[98] Connecting with proxy: socks5://rlF97R:IL9MJzmIaa@46.8.193.212:1051
[2025-05-18 02:56:11] [info] Bot ID:[96] Connecting to chat as nobreadface
[2025-05-18 02:56:15] [info] Restarting dead bot ID:[71]
[2025-05-18 02:56:15] [error] Monitoring error: 'TwitchBotAuth' object has no attribute 'account'
[2025-05-18 02:56:16] [info] Bot ID:[97] Connecting with proxy: socks5://rlF97R:IL9MJzmIaa@188.130.185.213:1051
[2025-05-18 02:56:18] [info] Bot ID:[73] Connecting with proxy: socks5://rlF97R:IL9MJzmIaa@213.226.101.115:1051
[2025-05-18 02:56:19] [info] Bot ID:[98] Connecting to chat as benni2131
[2025-05-18 02:56:19] [info] Bot ID:[73] Connecting to chat as tossantos2
[2025-05-18 02:56:20] [info] Bot ID:[97] Connecting to chat as soonesong
[2025-05-18 02:56:20] [info] Restarting dead bot ID:[71]
[2025-05-18 02:56:20] [error] Monitoring error: 'TwitchBotAuth' object has no attribute 'account'
[2025-05-18 02:56:21] [info] Bot ID:[87] Connecting with proxy: socks5://rlF97R:IL9MJzmIaa@109.248.142.86:1051
[2025-05-18 02:56:21] [info] Bot ID:[77] Connecting with proxy: socks5://rlF97R:IL9MJzmIaa@109.248.142.136:1051
[2025-05-18 02:56:22] [info] Bot ID:[87] Connecting to chat as zlegi
[2025-05-18 02:56:23] [info] Bot ID:[77] Connecting to chat as mafas_jb
[2025-05-18 02:56:23] [info] Bot ID:[99] Connecting with proxy: socks5://rlF97R:IL9MJzmIaa@109.248.15.90:1051
[2025-05-18 02:56:25] [info] Bot ID:[99] Connecting to chat as nzbibon
[2025-05-18 02:56:25] [info] Bot ID:[72] Connecting with proxy: socks5://rlF97R:IL9MJzmIaa@45.11.20.219:1051
[2025-05-18 02:56:25] [info] Restarting dead bot ID:[71]
[2025-05-18 02:56:25] [error] Monitoring error: 'TwitchBotAuth' object has no attribute 'account'
[2025-05-18 02:56:26] [info] Bot ID:[72] Connecting to chat as exotiic_r
[2025-05-18 02:56:27] [info] Bot ID:[71] Connecting with proxy: socks5://rlF97R:IL9MJzmIaa@46.8.10.65:1051
[2025-05-18 02:56:27] [info] Bot ID:[95] Connecting with proxy: socks5://rlF97R:IL9MJzmIaa@46.8.22.108:1051
[2025-05-18 02:56:28] [info] Bot ID:[71] Connecting to chat as ezau_8
[2025-05-18 02:56:28] [info] Bot ID:[95] Connecting to chat as italo186465
[2025-05-18 02:56:28] [info] Bot ID:[74] Connecting with proxy: socks5://rlF97R:IL9MJzmIaa@188.130.142.220:1051
[2025-05-18 02:56:29] [info] Bot ID:[74] Connecting to chat as jonnypatak1
[2025-05-18 02:56:30] [info] Bot ID:[76] Connecting with proxy: socks5://rlF97R:IL9MJzmIaa@188.130.137.120:1051
[2025-05-18 02:56:30] [info] Restarting dead bot ID:[82]
[2025-05-18 02:56:30] [error] Monitoring error: 'TwitchBotAuth' object has no attribute 'account'
[2025-05-18 02:56:31] [info] Bot ID:[76] Connecting to chat as juancamilojimenez4567
[2025-05-18 02:56:35] [info] Bot ID:[86] Connecting with proxy: socks5://rlF97R:IL9MJzmIaa@95.182.127.28:1051
[2025-05-18 02:56:35] [info] Restarting dead bot ID:[82]
[2025-05-18 02:56:35] [error] Monitoring error: 'TwitchBotAuth' object has no attribute 'account'
[2025-05-18 02:56:36] [info] Bot ID:[86] Connecting to chat as zorolev12
[2025-05-18 02:56:36] [info] Bot ID:[94] Connecting with proxy: socks5://rlF97R:IL9MJzmIaa@194.34.248.5:1051
[2025-05-18 02:56:38] [info] Bot ID:[94] Connecting to chat as chungyqueso
[2025-05-18 02:56:38] [info] Bot ID:[88] Connecting with proxy: socks5://rlF97R:IL9MJzmIaa@45.86.1.196:1051
[2025-05-18 02:56:38] [info] Bot ID:[82] Connecting with proxy: socks5://rlF97R:IL9MJzmIaa@109.248.142.138:1051
[2025-05-18 02:56:40] [info] Bot ID:[88] Connecting to chat as brunax___
[2025-05-18 02:56:40] [info] Bot ID:[82] Connecting to chat as 3sway_
[2025-05-18 02:56:40] [info] Bot ID:[93] Connecting with proxy: socks5://rlF97R:IL9MJzmIaa@45.11.20.111:1051
[2025-05-18 02:56:40] [info] Задача 2: осталось 00:32:00 (1920 сек)
[2025-05-18 02:56:40] [info] Задача 2: следующий чек через 60 сек...
[2025-05-18 02:56:40] [info] Restarting dead bot ID:[0]
[2025-05-18 02:56:40] [info] Restarting dead bot ID:[1]
[2025-05-18 02:56:40] [info] Restarting dead bot ID:[2]
[2025-05-18 02:56:40] [info] Restarting dead bot ID:[3]
[2025-05-18 02:56:40] [info] Restarting dead bot ID:[4]
[2025-05-18 02:56:40] [info] Restarting dead bot ID:[5]
[2025-05-18 02:56:40] [info] Restarting dead bot ID:[6]
[2025-05-18 02:56:40] [info] Restarting dead bot ID:[7]
[2025-05-18 02:56:40] [info] Restarting dead bot ID:[8]
[2025-05-18 02:56:40] [info] Restarting dead bot ID:[9]
[2025-05-18 02:56:40] [info] Restarting dead bot ID:[10]
[2025-05-18 02:56:40] [info] Restarting dead bot ID:[11]
[2025-05-18 02:56:40] [info] Restarting dead bot ID:[12]
[2025-05-18 02:56:40] [info] Restarting dead bot ID:[13]
[2025-05-18 02:56:40] [info] Restarting dead bot ID:[14]
[2025-05-18 02:56:40] [info] Restarting dead bot ID:[15]
[2025-05-18 02:56:40] [info] Restarting dead bot ID:[16]
[2025-05-18 02:56:40] [info] Restarting dead bot ID:[17]
[2025-05-18 02:56:40] [info] Restarting dead bot ID:[18]
[2025-05-18 02:56:40] [info] Restarting dead bot ID:[19]
[2025-05-18 02:56:40] [info] Restarting dead bot ID:[20]
[2025-05-18 02:56:40] [info] Restarting dead bot ID:[21]
[2025-05-18 02:56:40] [info] Restarting dead bot ID:[22]
[2025-05-18 02:56:40] [info] Restarting dead bot ID:[23]
[2025-05-18 02:56:40] [info] Restarting dead bot ID:[24]
[2025-05-18 02:56:40] [info] Restarting dead bot ID:[25]
[2025-05-18 02:56:40] [info] Restarting dead bot ID:[26]
[2025-05-18 02:56:40] [info] Restarting dead bot ID:[27]
[2025-05-18 02:56:40] [info] Restarting dead bot ID:[28]
[2025-05-18 02:56:40] [info] Restarting dead bot ID:[29]
[2025-05-18 02:56:40] [info] Restarting dead bot ID:[30]
[2025-05-18 02:56:40] [info] Restarting dead bot ID:[31]
[2025-05-18 02:56:40] [info] Restarting dead bot ID:[32]
[2025-05-18 02:56:40] [info] Restarting dead bot ID:[33]
[2025-05-18 02:56:40] [info] Restarting dead bot ID:[34]
[2025-05-18 02:56:40] [info] Restarting dead bot ID:[35]
[2025-05-18 02:56:40] [info] Restarting dead bot ID:[36]
[2025-05-18 02:56:40] [info] Restarting dead bot ID:[37]
[2025-05-18 02:56:40] [info] Restarting dead bot ID:[38]
[2025-05-18 02:56:40] [info] Restarting dead bot ID:[39]
[2025-05-18 02:56:40] [info] Restarting dead bot ID:[40]
[2025-05-18 02:56:40] [info] Restarting dead bot ID:[41]
[2025-05-18 02:56:40] [info] Restarting dead bot ID:[42]
[2025-05-18 02:56:40] [info] Restarting dead bot ID:[43]
[2025-05-18 02:56:40] [info] Restarting dead bot ID:[44]
[2025-05-18 02:56:41] [info] Restarting dead bot ID:[45]
[2025-05-18 02:56:41] [info] Restarting dead bot ID:[46]
[2025-05-18 02:56:41] [info] Restarting dead bot ID:[47]
[2025-05-18 02:56:41] [info] Restarting dead bot ID:[48]
[2025-05-18 02:56:41] [info] Restarting dead bot ID:[49]
[2025-05-18 02:56:41] [info] Restarting dead bot ID:[50]
[2025-05-18 02:56:41] [info] Restarting dead bot ID:[51]
[2025-05-18 02:56:41] [info] Restarting dead bot ID:[52]
[2025-05-18 02:56:41] [info] Restarting dead bot ID:[53]
[2025-05-18 02:56:41] [info] Restarting dead bot ID:[54]
[2025-05-18 02:56:41] [info] Restarting dead bot ID:[55]
[2025-05-18 02:56:41] [info] Restarting dead bot ID:[56]
[2025-05-18 02:56:41] [info] Restarting dead bot ID:[57]
[2025-05-18 02:56:41] [info] Restarting dead bot ID:[58]
[2025-05-18 02:56:41] [info] Restarting dead bot ID:[59]
[2025-05-18 02:56:41] [info] Restarting dead bot ID:[60]
[2025-05-18 02:56:41] [info] Restarting dead bot ID:[61]
[2025-05-18 02:56:41] [info] Restarting dead bot ID:[62]
[2025-05-18 02:56:41] [info] Restarting dead bot ID:[63]
[2025-05-18 02:56:41] [info] Restarting dead bot ID:[64]
[2025-05-18 02:56:41] [info] Restarting dead bot ID:[65]
[2025-05-18 02:56:41] [info] Restarting dead bot ID:[66]
[2025-05-18 02:56:41] [info] Restarting dead bot ID:[67]
[2025-05-18 02:56:41] [info] Restarting dead bot ID:[68]
[2025-05-18 02:56:41] [info] Restarting dead bot ID:[69]
[2025-05-18 02:56:41] [info] Restarting dead bot ID:[70]
[2025-05-18 02:56:41] [info] Restarting dead bot ID:[71]
[2025-05-18 02:56:41] [info] Restarting dead bot ID:[72]
[2025-05-18 02:56:41] [info] Restarting dead bot ID:[73]
[2025-05-18 02:56:41] [info] Restarting dead bot ID:[74]
[2025-05-18 02:56:41] [info] Restarting dead bot ID:[75]
[2025-05-18 02:56:41] [info] Restarting dead bot ID:[76]
[2025-05-18 02:56:41] [info] Restarting dead bot ID:[77]
[2025-05-18 02:56:41] [info] Restarting dead bot ID:[78]
[2025-05-18 02:56:41] [info] Restarting dead bot ID:[79]
[2025-05-18 02:56:41] [info] Restarting dead bot ID:[80]
[2025-05-18 02:56:41] [info] Restarting dead bot ID:[81]
[2025-05-18 02:56:41] [info] Restarting dead bot ID:[82]
[2025-05-18 02:56:41] [info] Restarting dead bot ID:[83]
[2025-05-18 02:56:41] [info] Restarting dead bot ID:[84]
[2025-05-18 02:56:41] [info] Restarting dead bot ID:[85]
[2025-05-18 02:56:41] [info] Restarting dead bot ID:[86]
[2025-05-18 02:56:41] [info] Restarting dead bot ID:[87]
[2025-05-18 02:56:41] [info] Restarting dead bot ID:[88]
[2025-05-18 02:56:41] [info] Restarting dead bot ID:[89]
[2025-05-18 02:56:41] [info] Restarting dead bot ID:[90]
[2025-05-18 02:56:41] [info] Restarting dead bot ID:[91]
[2025-05-18 02:56:41] [info] Restarting dead bot ID:[92]
[2025-05-18 02:56:41] [info] Restarting dead bot ID:[93]
[2025-05-18 02:56:41] [info] Restarting dead bot ID:[94]
[2025-05-18 02:56:41] [info] Restarting dead bot ID:[95]
[2025-05-18 02:56:41] [info] Restarting dead bot ID:[96]
[2025-05-18 02:56:41] [info] Restarting dead bot ID:[97]
[2025-05-18 02:56:41] [info] Restarting dead bot ID:[98]
[2025-05-18 02:56:41] [info] Restarting dead bot ID:[99]
[2025-05-18 02:56:41] [info] Bot ID:[93] Connecting to chat as shadowanrs3
