[2025-05-15 19:25:59] [info] Загружено [36m1[0m задач в память
[2025-05-15 19:25:59] [info] Сброс выполняющихся и ошибочных задач в статус Pending...
[2025-05-15 19:25:59] [info] Сброшено [33m1[0m задач.
[2025-05-15 19:25:59] [info] Загружено [36m300[0m прокси в память
[2025-05-15 19:25:59] [info] Загружено [36m800[0m аккаунтов в память
[2025-05-15 19:26:15] [info] Twitch service иницилизирован для assstronavt
[2025-05-15 19:26:15] [info] Запускается Twitch-сервис для задачи 1 (URL: https://www.twitch.tv/assstronavt)
[2025-05-15 19:26:15] [info] Проверка онлайна стрима [36massstronavt[0m
[2025-05-15 19:26:18] [info] [TWITCH isStreamLive] stream [36massstronavt[0m - [32mOnline[0m
[2025-05-15 19:26:18] [info] Стрим https://www.twitch.tv/assstronavt в эфире. Начинаем выполнение задачи 1.
[2025-05-15 19:26:18] [info] [TWITCH] Запуск 50 ботов в течение 00:01:00 времени
[2025-05-15 19:26:18] [info] [TWITCH] Получено прокси: 50
[2025-05-15 19:26:19] [info] Connecting with proxy: socks5://rlF97R:IL9MJzmIaa@109.248.15.90:1051
[2025-05-15 19:26:22] [error] Bot error: 'str' object has no attribute 'get'
[2025-05-15 19:26:22] [error] Traceback (most recent call last):
  File "C:\Users\semtrip.DESKTOP-QDM923H\Documents\GitHub\stream_shop_service\backend\Service\Twitch\bot.py", line 57, in start
    async with session.head(url, proxies=proxy_url, headers=headers, timeout=10):
               ~~~~~~~~~~~~^^^^^^^^^^^^^^^^^^^^^^^^^^^^^^^^^^^^^^^^^^^^^^^^^^^^^
  File "C:\Users\semtrip.DESKTOP-QDM923H\AppData\Roaming\Python\Python313\site-packages\requests\sessions.py", line 624, in head
    return self.request("HEAD", url, **kwargs)
           ~~~~~~~~~~~~^^^^^^^^^^^^^^^^^^^^^^^
  File "C:\Users\semtrip.DESKTOP-QDM923H\AppData\Roaming\Python\Python313\site-packages\requests\sessions.py", line 579, in request
    settings = self.merge_environment_settings(
        prep.url, proxies, stream, verify, cert
    )
  File "C:\Users\semtrip.DESKTOP-QDM923H\AppData\Roaming\Python\Python313\site-packages\requests\sessions.py", line 759, in merge_environment_settings
    no_proxy = proxies.get("no_proxy") if proxies is not None else None
               ^^^^^^^^^^^
AttributeError: 'str' object has no attribute 'get'

[2025-05-15 19:26:22] [info] Connecting with proxy: socks5://rlF97R:IL9MJzmIaa@45.86.0.54:1051
[2025-05-15 19:26:23] [error] Bot error: 'str' object has no attribute 'get'
[2025-05-15 19:26:23] [error] Traceback (most recent call last):
  File "C:\Users\semtrip.DESKTOP-QDM923H\Documents\GitHub\stream_shop_service\backend\Service\Twitch\bot.py", line 57, in start
    async with session.head(url, proxies=proxy_url, headers=headers, timeout=10):
               ~~~~~~~~~~~~^^^^^^^^^^^^^^^^^^^^^^^^^^^^^^^^^^^^^^^^^^^^^^^^^^^^^
  File "C:\Users\semtrip.DESKTOP-QDM923H\AppData\Roaming\Python\Python313\site-packages\requests\sessions.py", line 624, in head
    return self.request("HEAD", url, **kwargs)
           ~~~~~~~~~~~~^^^^^^^^^^^^^^^^^^^^^^^
  File "C:\Users\semtrip.DESKTOP-QDM923H\AppData\Roaming\Python\Python313\site-packages\requests\sessions.py", line 579, in request
    settings = self.merge_environment_settings(
        prep.url, proxies, stream, verify, cert
    )
  File "C:\Users\semtrip.DESKTOP-QDM923H\AppData\Roaming\Python\Python313\site-packages\requests\sessions.py", line 759, in merge_environment_settings
    no_proxy = proxies.get("no_proxy") if proxies is not None else None
               ^^^^^^^^^^^
AttributeError: 'str' object has no attribute 'get'

[2025-05-15 19:26:23] [info] Connecting with proxy: socks5://rlF97R:IL9MJzmIaa@188.130.129.42:1051
[2025-05-15 19:26:25] [error] Bot error: 'str' object has no attribute 'get'
[2025-05-15 19:26:25] [error] Traceback (most recent call last):
  File "C:\Users\semtrip.DESKTOP-QDM923H\Documents\GitHub\stream_shop_service\backend\Service\Twitch\bot.py", line 57, in start
    async with session.head(url, proxies=proxy_url, headers=headers, timeout=10):
               ~~~~~~~~~~~~^^^^^^^^^^^^^^^^^^^^^^^^^^^^^^^^^^^^^^^^^^^^^^^^^^^^^
  File "C:\Users\semtrip.DESKTOP-QDM923H\AppData\Roaming\Python\Python313\site-packages\requests\sessions.py", line 624, in head
    return self.request("HEAD", url, **kwargs)
           ~~~~~~~~~~~~^^^^^^^^^^^^^^^^^^^^^^^
  File "C:\Users\semtrip.DESKTOP-QDM923H\AppData\Roaming\Python\Python313\site-packages\requests\sessions.py", line 579, in request
    settings = self.merge_environment_settings(
        prep.url, proxies, stream, verify, cert
    )
  File "C:\Users\semtrip.DESKTOP-QDM923H\AppData\Roaming\Python\Python313\site-packages\requests\sessions.py", line 759, in merge_environment_settings
    no_proxy = proxies.get("no_proxy") if proxies is not None else None
               ^^^^^^^^^^^
AttributeError: 'str' object has no attribute 'get'

[2025-05-15 19:26:28] [error] Bot error: 'str' object has no attribute 'get'
[2025-05-15 19:26:28] [error] Traceback (most recent call last):
  File "C:\Users\semtrip.DESKTOP-QDM923H\Documents\GitHub\stream_shop_service\backend\Service\Twitch\bot.py", line 57, in start
    async with session.head(url, proxies=proxy_url, headers=headers, timeout=10):
               ~~~~~~~~~~~~^^^^^^^^^^^^^^^^^^^^^^^^^^^^^^^^^^^^^^^^^^^^^^^^^^^^^
  File "C:\Users\semtrip.DESKTOP-QDM923H\AppData\Roaming\Python\Python313\site-packages\requests\sessions.py", line 624, in head
    return self.request("HEAD", url, **kwargs)
           ~~~~~~~~~~~~^^^^^^^^^^^^^^^^^^^^^^^
  File "C:\Users\semtrip.DESKTOP-QDM923H\AppData\Roaming\Python\Python313\site-packages\requests\sessions.py", line 579, in request
    settings = self.merge_environment_settings(
        prep.url, proxies, stream, verify, cert
    )
  File "C:\Users\semtrip.DESKTOP-QDM923H\AppData\Roaming\Python\Python313\site-packages\requests\sessions.py", line 759, in merge_environment_settings
    no_proxy = proxies.get("no_proxy") if proxies is not None else None
               ^^^^^^^^^^^
AttributeError: 'str' object has no attribute 'get'

[2025-05-15 19:26:28] [info] Connecting with proxy: socks5://rlF97R:IL9MJzmIaa@185.181.244.150:1051
[2025-05-15 19:26:29] [error] Bot error: 'str' object has no attribute 'get'
[2025-05-15 19:26:29] [error] Traceback (most recent call last):
  File "C:\Users\semtrip.DESKTOP-QDM923H\Documents\GitHub\stream_shop_service\backend\Service\Twitch\bot.py", line 57, in start
    async with session.head(url, proxies=proxy_url, headers=headers, timeout=10):
               ~~~~~~~~~~~~^^^^^^^^^^^^^^^^^^^^^^^^^^^^^^^^^^^^^^^^^^^^^^^^^^^^^
  File "C:\Users\semtrip.DESKTOP-QDM923H\AppData\Roaming\Python\Python313\site-packages\requests\sessions.py", line 624, in head
    return self.request("HEAD", url, **kwargs)
           ~~~~~~~~~~~~^^^^^^^^^^^^^^^^^^^^^^^
  File "C:\Users\semtrip.DESKTOP-QDM923H\AppData\Roaming\Python\Python313\site-packages\requests\sessions.py", line 579, in request
    settings = self.merge_environment_settings(
        prep.url, proxies, stream, verify, cert
    )
  File "C:\Users\semtrip.DESKTOP-QDM923H\AppData\Roaming\Python\Python313\site-packages\requests\sessions.py", line 759, in merge_environment_settings
    no_proxy = proxies.get("no_proxy") if proxies is not None else None
               ^^^^^^^^^^^
AttributeError: 'str' object has no attribute 'get'

[2025-05-15 19:26:31] [error] Bot error: 'str' object has no attribute 'get'
[2025-05-15 19:26:31] [error] Traceback (most recent call last):
  File "C:\Users\semtrip.DESKTOP-QDM923H\Documents\GitHub\stream_shop_service\backend\Service\Twitch\bot.py", line 57, in start
    async with session.head(url, proxies=proxy_url, headers=headers, timeout=10):
               ~~~~~~~~~~~~^^^^^^^^^^^^^^^^^^^^^^^^^^^^^^^^^^^^^^^^^^^^^^^^^^^^^
  File "C:\Users\semtrip.DESKTOP-QDM923H\AppData\Roaming\Python\Python313\site-packages\requests\sessions.py", line 624, in head
    return self.request("HEAD", url, **kwargs)
           ~~~~~~~~~~~~^^^^^^^^^^^^^^^^^^^^^^^
  File "C:\Users\semtrip.DESKTOP-QDM923H\AppData\Roaming\Python\Python313\site-packages\requests\sessions.py", line 579, in request
    settings = self.merge_environment_settings(
        prep.url, proxies, stream, verify, cert
    )
  File "C:\Users\semtrip.DESKTOP-QDM923H\AppData\Roaming\Python\Python313\site-packages\requests\sessions.py", line 759, in merge_environment_settings
    no_proxy = proxies.get("no_proxy") if proxies is not None else None
               ^^^^^^^^^^^
AttributeError: 'str' object has no attribute 'get'

[2025-05-15 19:26:31] [info] Connecting with proxy: socks5://rlF97R:IL9MJzmIaa@95.182.124.88:1051
[2025-05-15 19:26:33] [error] Bot error: 'str' object has no attribute 'get'
[2025-05-15 19:26:33] [error] Traceback (most recent call last):
  File "C:\Users\semtrip.DESKTOP-QDM923H\Documents\GitHub\stream_shop_service\backend\Service\Twitch\bot.py", line 57, in start
    async with session.head(url, proxies=proxy_url, headers=headers, timeout=10):
               ~~~~~~~~~~~~^^^^^^^^^^^^^^^^^^^^^^^^^^^^^^^^^^^^^^^^^^^^^^^^^^^^^
  File "C:\Users\semtrip.DESKTOP-QDM923H\AppData\Roaming\Python\Python313\site-packages\requests\sessions.py", line 624, in head
    return self.request("HEAD", url, **kwargs)
           ~~~~~~~~~~~~^^^^^^^^^^^^^^^^^^^^^^^
  File "C:\Users\semtrip.DESKTOP-QDM923H\AppData\Roaming\Python\Python313\site-packages\requests\sessions.py", line 579, in request
    settings = self.merge_environment_settings(
        prep.url, proxies, stream, verify, cert
    )
  File "C:\Users\semtrip.DESKTOP-QDM923H\AppData\Roaming\Python\Python313\site-packages\requests\sessions.py", line 759, in merge_environment_settings
    no_proxy = proxies.get("no_proxy") if proxies is not None else None
               ^^^^^^^^^^^
AttributeError: 'str' object has no attribute 'get'

[2025-05-15 19:26:33] [info] Connecting with proxy: socks5://rlF97R:IL9MJzmIaa@46.8.10.65:1051
[2025-05-15 19:26:35] [error] Bot error: 'str' object has no attribute 'get'
[2025-05-15 19:26:35] [error] Traceback (most recent call last):
  File "C:\Users\semtrip.DESKTOP-QDM923H\Documents\GitHub\stream_shop_service\backend\Service\Twitch\bot.py", line 57, in start
    async with session.head(url, proxies=proxy_url, headers=headers, timeout=10):
               ~~~~~~~~~~~~^^^^^^^^^^^^^^^^^^^^^^^^^^^^^^^^^^^^^^^^^^^^^^^^^^^^^
  File "C:\Users\semtrip.DESKTOP-QDM923H\AppData\Roaming\Python\Python313\site-packages\requests\sessions.py", line 624, in head
    return self.request("HEAD", url, **kwargs)
           ~~~~~~~~~~~~^^^^^^^^^^^^^^^^^^^^^^^
  File "C:\Users\semtrip.DESKTOP-QDM923H\AppData\Roaming\Python\Python313\site-packages\requests\sessions.py", line 579, in request
    settings = self.merge_environment_settings(
        prep.url, proxies, stream, verify, cert
    )
  File "C:\Users\semtrip.DESKTOP-QDM923H\AppData\Roaming\Python\Python313\site-packages\requests\sessions.py", line 759, in merge_environment_settings
    no_proxy = proxies.get("no_proxy") if proxies is not None else None
               ^^^^^^^^^^^
AttributeError: 'str' object has no attribute 'get'

[2025-05-15 19:26:35] [info] Connecting with proxy: socks5://rlF97R:IL9MJzmIaa@109.248.204.204:1051
[2025-05-15 19:26:37] [error] Bot error: 'str' object has no attribute 'get'
[2025-05-15 19:26:37] [error] Traceback (most recent call last):
  File "C:\Users\semtrip.DESKTOP-QDM923H\Documents\GitHub\stream_shop_service\backend\Service\Twitch\bot.py", line 57, in start
    async with session.head(url, proxies=proxy_url, headers=headers, timeout=10):
               ~~~~~~~~~~~~^^^^^^^^^^^^^^^^^^^^^^^^^^^^^^^^^^^^^^^^^^^^^^^^^^^^^
  File "C:\Users\semtrip.DESKTOP-QDM923H\AppData\Roaming\Python\Python313\site-packages\requests\sessions.py", line 624, in head
    return self.request("HEAD", url, **kwargs)
           ~~~~~~~~~~~~^^^^^^^^^^^^^^^^^^^^^^^
  File "C:\Users\semtrip.DESKTOP-QDM923H\AppData\Roaming\Python\Python313\site-packages\requests\sessions.py", line 579, in request
    settings = self.merge_environment_settings(
        prep.url, proxies, stream, verify, cert
    )
  File "C:\Users\semtrip.DESKTOP-QDM923H\AppData\Roaming\Python\Python313\site-packages\requests\sessions.py", line 759, in merge_environment_settings
    no_proxy = proxies.get("no_proxy") if proxies is not None else None
               ^^^^^^^^^^^
AttributeError: 'str' object has no attribute 'get'

[2025-05-15 19:26:39] [error] Bot error: 'str' object has no attribute 'get'
[2025-05-15 19:26:39] [error] Traceback (most recent call last):
  File "C:\Users\semtrip.DESKTOP-QDM923H\Documents\GitHub\stream_shop_service\backend\Service\Twitch\bot.py", line 57, in start
    async with session.head(url, proxies=proxy_url, headers=headers, timeout=10):
               ~~~~~~~~~~~~^^^^^^^^^^^^^^^^^^^^^^^^^^^^^^^^^^^^^^^^^^^^^^^^^^^^^
  File "C:\Users\semtrip.DESKTOP-QDM923H\AppData\Roaming\Python\Python313\site-packages\requests\sessions.py", line 624, in head
    return self.request("HEAD", url, **kwargs)
           ~~~~~~~~~~~~^^^^^^^^^^^^^^^^^^^^^^^
  File "C:\Users\semtrip.DESKTOP-QDM923H\AppData\Roaming\Python\Python313\site-packages\requests\sessions.py", line 579, in request
    settings = self.merge_environment_settings(
        prep.url, proxies, stream, verify, cert
    )
  File "C:\Users\semtrip.DESKTOP-QDM923H\AppData\Roaming\Python\Python313\site-packages\requests\sessions.py", line 759, in merge_environment_settings
    no_proxy = proxies.get("no_proxy") if proxies is not None else None
               ^^^^^^^^^^^
AttributeError: 'str' object has no attribute 'get'

[2025-05-15 19:26:39] [info] Connecting with proxy: socks5://rlF97R:IL9MJzmIaa@109.248.14.119:1051
[2025-05-15 19:26:40] [error] Bot error: 'str' object has no attribute 'get'
[2025-05-15 19:26:40] [error] Traceback (most recent call last):
  File "C:\Users\semtrip.DESKTOP-QDM923H\Documents\GitHub\stream_shop_service\backend\Service\Twitch\bot.py", line 57, in start
    async with session.head(url, proxies=proxy_url, headers=headers, timeout=10):
               ~~~~~~~~~~~~^^^^^^^^^^^^^^^^^^^^^^^^^^^^^^^^^^^^^^^^^^^^^^^^^^^^^
  File "C:\Users\semtrip.DESKTOP-QDM923H\AppData\Roaming\Python\Python313\site-packages\requests\sessions.py", line 624, in head
    return self.request("HEAD", url, **kwargs)
           ~~~~~~~~~~~~^^^^^^^^^^^^^^^^^^^^^^^
  File "C:\Users\semtrip.DESKTOP-QDM923H\AppData\Roaming\Python\Python313\site-packages\requests\sessions.py", line 579, in request
    settings = self.merge_environment_settings(
        prep.url, proxies, stream, verify, cert
    )
  File "C:\Users\semtrip.DESKTOP-QDM923H\AppData\Roaming\Python\Python313\site-packages\requests\sessions.py", line 759, in merge_environment_settings
    no_proxy = proxies.get("no_proxy") if proxies is not None else None
               ^^^^^^^^^^^
AttributeError: 'str' object has no attribute 'get'

[2025-05-15 19:26:40] [info] Connecting with proxy: socks5://rlF97R:IL9MJzmIaa@109.248.49.143:1051
[2025-05-15 19:26:42] [error] Bot error: 'str' object has no attribute 'get'
[2025-05-15 19:26:42] [error] Traceback (most recent call last):
  File "C:\Users\semtrip.DESKTOP-QDM923H\Documents\GitHub\stream_shop_service\backend\Service\Twitch\bot.py", line 57, in start
    async with session.head(url, proxies=proxy_url, headers=headers, timeout=10):
               ~~~~~~~~~~~~^^^^^^^^^^^^^^^^^^^^^^^^^^^^^^^^^^^^^^^^^^^^^^^^^^^^^
  File "C:\Users\semtrip.DESKTOP-QDM923H\AppData\Roaming\Python\Python313\site-packages\requests\sessions.py", line 624, in head
    return self.request("HEAD", url, **kwargs)
           ~~~~~~~~~~~~^^^^^^^^^^^^^^^^^^^^^^^
  File "C:\Users\semtrip.DESKTOP-QDM923H\AppData\Roaming\Python\Python313\site-packages\requests\sessions.py", line 579, in request
    settings = self.merge_environment_settings(
        prep.url, proxies, stream, verify, cert
    )
  File "C:\Users\semtrip.DESKTOP-QDM923H\AppData\Roaming\Python\Python313\site-packages\requests\sessions.py", line 759, in merge_environment_settings
    no_proxy = proxies.get("no_proxy") if proxies is not None else None
               ^^^^^^^^^^^
AttributeError: 'str' object has no attribute 'get'

[2025-05-15 19:26:42] [info] Connecting with proxy: socks5://rlF97R:IL9MJzmIaa@46.8.193.212:1051
[2025-05-15 19:26:43] [error] Bot error: 'str' object has no attribute 'get'
[2025-05-15 19:26:43] [error] Traceback (most recent call last):
  File "C:\Users\semtrip.DESKTOP-QDM923H\Documents\GitHub\stream_shop_service\backend\Service\Twitch\bot.py", line 57, in start
    async with session.head(url, proxies=proxy_url, headers=headers, timeout=10):
               ~~~~~~~~~~~~^^^^^^^^^^^^^^^^^^^^^^^^^^^^^^^^^^^^^^^^^^^^^^^^^^^^^
  File "C:\Users\semtrip.DESKTOP-QDM923H\AppData\Roaming\Python\Python313\site-packages\requests\sessions.py", line 624, in head
    return self.request("HEAD", url, **kwargs)
           ~~~~~~~~~~~~^^^^^^^^^^^^^^^^^^^^^^^
  File "C:\Users\semtrip.DESKTOP-QDM923H\AppData\Roaming\Python\Python313\site-packages\requests\sessions.py", line 579, in request
    settings = self.merge_environment_settings(
        prep.url, proxies, stream, verify, cert
    )
  File "C:\Users\semtrip.DESKTOP-QDM923H\AppData\Roaming\Python\Python313\site-packages\requests\sessions.py", line 759, in merge_environment_settings
    no_proxy = proxies.get("no_proxy") if proxies is not None else None
               ^^^^^^^^^^^
AttributeError: 'str' object has no attribute 'get'

[2025-05-15 19:26:43] [info] Connecting with proxy: socks5://rlF97R:IL9MJzmIaa@45.15.73.177:1051
[2025-05-15 19:26:46] [error] Bot error: 'str' object has no attribute 'get'
[2025-05-15 19:26:46] [error] Traceback (most recent call last):
  File "C:\Users\semtrip.DESKTOP-QDM923H\Documents\GitHub\stream_shop_service\backend\Service\Twitch\bot.py", line 57, in start
    async with session.head(url, proxies=proxy_url, headers=headers, timeout=10):
               ~~~~~~~~~~~~^^^^^^^^^^^^^^^^^^^^^^^^^^^^^^^^^^^^^^^^^^^^^^^^^^^^^
  File "C:\Users\semtrip.DESKTOP-QDM923H\AppData\Roaming\Python\Python313\site-packages\requests\sessions.py", line 624, in head
    return self.request("HEAD", url, **kwargs)
           ~~~~~~~~~~~~^^^^^^^^^^^^^^^^^^^^^^^
  File "C:\Users\semtrip.DESKTOP-QDM923H\AppData\Roaming\Python\Python313\site-packages\requests\sessions.py", line 579, in request
    settings = self.merge_environment_settings(
        prep.url, proxies, stream, verify, cert
    )
  File "C:\Users\semtrip.DESKTOP-QDM923H\AppData\Roaming\Python\Python313\site-packages\requests\sessions.py", line 759, in merge_environment_settings
    no_proxy = proxies.get("no_proxy") if proxies is not None else None
               ^^^^^^^^^^^
AttributeError: 'str' object has no attribute 'get'

[2025-05-15 19:26:46] [info] Connecting with proxy: socks5://rlF97R:IL9MJzmIaa@46.8.16.254:1051
[2025-05-15 19:26:48] [error] Bot error: 'str' object has no attribute 'get'
[2025-05-15 19:26:48] [error] Traceback (most recent call last):
  File "C:\Users\semtrip.DESKTOP-QDM923H\Documents\GitHub\stream_shop_service\backend\Service\Twitch\bot.py", line 57, in start
    async with session.head(url, proxies=proxy_url, headers=headers, timeout=10):
               ~~~~~~~~~~~~^^^^^^^^^^^^^^^^^^^^^^^^^^^^^^^^^^^^^^^^^^^^^^^^^^^^^
  File "C:\Users\semtrip.DESKTOP-QDM923H\AppData\Roaming\Python\Python313\site-packages\requests\sessions.py", line 624, in head
    return self.request("HEAD", url, **kwargs)
           ~~~~~~~~~~~~^^^^^^^^^^^^^^^^^^^^^^^
  File "C:\Users\semtrip.DESKTOP-QDM923H\AppData\Roaming\Python\Python313\site-packages\requests\sessions.py", line 579, in request
    settings = self.merge_environment_settings(
        prep.url, proxies, stream, verify, cert
    )
  File "C:\Users\semtrip.DESKTOP-QDM923H\AppData\Roaming\Python\Python313\site-packages\requests\sessions.py", line 759, in merge_environment_settings
    no_proxy = proxies.get("no_proxy") if proxies is not None else None
               ^^^^^^^^^^^
AttributeError: 'str' object has no attribute 'get'

[2025-05-15 19:26:49] [error] Bot error: 'str' object has no attribute 'get'
[2025-05-15 19:26:49] [error] Traceback (most recent call last):
  File "C:\Users\semtrip.DESKTOP-QDM923H\Documents\GitHub\stream_shop_service\backend\Service\Twitch\bot.py", line 57, in start
    async with session.head(url, proxies=proxy_url, headers=headers, timeout=10):
               ~~~~~~~~~~~~^^^^^^^^^^^^^^^^^^^^^^^^^^^^^^^^^^^^^^^^^^^^^^^^^^^^^
  File "C:\Users\semtrip.DESKTOP-QDM923H\AppData\Roaming\Python\Python313\site-packages\requests\sessions.py", line 624, in head
    return self.request("HEAD", url, **kwargs)
           ~~~~~~~~~~~~^^^^^^^^^^^^^^^^^^^^^^^
  File "C:\Users\semtrip.DESKTOP-QDM923H\AppData\Roaming\Python\Python313\site-packages\requests\sessions.py", line 579, in request
    settings = self.merge_environment_settings(
        prep.url, proxies, stream, verify, cert
    )
  File "C:\Users\semtrip.DESKTOP-QDM923H\AppData\Roaming\Python\Python313\site-packages\requests\sessions.py", line 759, in merge_environment_settings
    no_proxy = proxies.get("no_proxy") if proxies is not None else None
               ^^^^^^^^^^^
AttributeError: 'str' object has no attribute 'get'

[2025-05-15 19:26:49] [info] Connecting with proxy: socks5://rlF97R:IL9MJzmIaa@45.11.20.111:1051
[2025-05-15 19:26:51] [error] Bot error: 'str' object has no attribute 'get'
[2025-05-15 19:26:51] [error] Traceback (most recent call last):
  File "C:\Users\semtrip.DESKTOP-QDM923H\Documents\GitHub\stream_shop_service\backend\Service\Twitch\bot.py", line 57, in start
    async with session.head(url, proxies=proxy_url, headers=headers, timeout=10):
               ~~~~~~~~~~~~^^^^^^^^^^^^^^^^^^^^^^^^^^^^^^^^^^^^^^^^^^^^^^^^^^^^^
  File "C:\Users\semtrip.DESKTOP-QDM923H\AppData\Roaming\Python\Python313\site-packages\requests\sessions.py", line 624, in head
    return self.request("HEAD", url, **kwargs)
           ~~~~~~~~~~~~^^^^^^^^^^^^^^^^^^^^^^^
  File "C:\Users\semtrip.DESKTOP-QDM923H\AppData\Roaming\Python\Python313\site-packages\requests\sessions.py", line 579, in request
    settings = self.merge_environment_settings(
        prep.url, proxies, stream, verify, cert
    )
  File "C:\Users\semtrip.DESKTOP-QDM923H\AppData\Roaming\Python\Python313\site-packages\requests\sessions.py", line 759, in merge_environment_settings
    no_proxy = proxies.get("no_proxy") if proxies is not None else None
               ^^^^^^^^^^^
AttributeError: 'str' object has no attribute 'get'

[2025-05-15 19:26:53] [error] Bot error: 'str' object has no attribute 'get'
[2025-05-15 19:26:53] [error] Traceback (most recent call last):
  File "C:\Users\semtrip.DESKTOP-QDM923H\Documents\GitHub\stream_shop_service\backend\Service\Twitch\bot.py", line 57, in start
    async with session.head(url, proxies=proxy_url, headers=headers, timeout=10):
               ~~~~~~~~~~~~^^^^^^^^^^^^^^^^^^^^^^^^^^^^^^^^^^^^^^^^^^^^^^^^^^^^^
  File "C:\Users\semtrip.DESKTOP-QDM923H\AppData\Roaming\Python\Python313\site-packages\requests\sessions.py", line 624, in head
    return self.request("HEAD", url, **kwargs)
           ~~~~~~~~~~~~^^^^^^^^^^^^^^^^^^^^^^^
  File "C:\Users\semtrip.DESKTOP-QDM923H\AppData\Roaming\Python\Python313\site-packages\requests\sessions.py", line 579, in request
    settings = self.merge_environment_settings(
        prep.url, proxies, stream, verify, cert
    )
  File "C:\Users\semtrip.DESKTOP-QDM923H\AppData\Roaming\Python\Python313\site-packages\requests\sessions.py", line 759, in merge_environment_settings
    no_proxy = proxies.get("no_proxy") if proxies is not None else None
               ^^^^^^^^^^^
AttributeError: 'str' object has no attribute 'get'

[2025-05-15 19:26:55] [error] Bot error: 'str' object has no attribute 'get'
[2025-05-15 19:26:55] [error] Traceback (most recent call last):
  File "C:\Users\semtrip.DESKTOP-QDM923H\Documents\GitHub\stream_shop_service\backend\Service\Twitch\bot.py", line 57, in start
    async with session.head(url, proxies=proxy_url, headers=headers, timeout=10):
               ~~~~~~~~~~~~^^^^^^^^^^^^^^^^^^^^^^^^^^^^^^^^^^^^^^^^^^^^^^^^^^^^^
  File "C:\Users\semtrip.DESKTOP-QDM923H\AppData\Roaming\Python\Python313\site-packages\requests\sessions.py", line 624, in head
    return self.request("HEAD", url, **kwargs)
           ~~~~~~~~~~~~^^^^^^^^^^^^^^^^^^^^^^^
  File "C:\Users\semtrip.DESKTOP-QDM923H\AppData\Roaming\Python\Python313\site-packages\requests\sessions.py", line 579, in request
    settings = self.merge_environment_settings(
        prep.url, proxies, stream, verify, cert
    )
  File "C:\Users\semtrip.DESKTOP-QDM923H\AppData\Roaming\Python\Python313\site-packages\requests\sessions.py", line 759, in merge_environment_settings
    no_proxy = proxies.get("no_proxy") if proxies is not None else None
               ^^^^^^^^^^^
AttributeError: 'str' object has no attribute 'get'

[2025-05-15 19:26:55] [info] Connecting with proxy: socks5://rlF97R:IL9MJzmIaa@45.15.73.131:1051
[2025-05-15 19:26:57] [error] Bot error: 'str' object has no attribute 'get'
[2025-05-15 19:26:57] [error] Traceback (most recent call last):
  File "C:\Users\semtrip.DESKTOP-QDM923H\Documents\GitHub\stream_shop_service\backend\Service\Twitch\bot.py", line 57, in start
    async with session.head(url, proxies=proxy_url, headers=headers, timeout=10):
               ~~~~~~~~~~~~^^^^^^^^^^^^^^^^^^^^^^^^^^^^^^^^^^^^^^^^^^^^^^^^^^^^^
  File "C:\Users\semtrip.DESKTOP-QDM923H\AppData\Roaming\Python\Python313\site-packages\requests\sessions.py", line 624, in head
    return self.request("HEAD", url, **kwargs)
           ~~~~~~~~~~~~^^^^^^^^^^^^^^^^^^^^^^^
  File "C:\Users\semtrip.DESKTOP-QDM923H\AppData\Roaming\Python\Python313\site-packages\requests\sessions.py", line 579, in request
    settings = self.merge_environment_settings(
        prep.url, proxies, stream, verify, cert
    )
  File "C:\Users\semtrip.DESKTOP-QDM923H\AppData\Roaming\Python\Python313\site-packages\requests\sessions.py", line 759, in merge_environment_settings
    no_proxy = proxies.get("no_proxy") if proxies is not None else None
               ^^^^^^^^^^^
AttributeError: 'str' object has no attribute 'get'

[2025-05-15 19:26:57] [info] Connecting with proxy: socks5://rlF97R:IL9MJzmIaa@109.248.142.14:1051
[2025-05-15 19:26:58] [error] Bot error: 'str' object has no attribute 'get'
[2025-05-15 19:26:58] [error] Traceback (most recent call last):
  File "C:\Users\semtrip.DESKTOP-QDM923H\Documents\GitHub\stream_shop_service\backend\Service\Twitch\bot.py", line 57, in start
    async with session.head(url, proxies=proxy_url, headers=headers, timeout=10):
               ~~~~~~~~~~~~^^^^^^^^^^^^^^^^^^^^^^^^^^^^^^^^^^^^^^^^^^^^^^^^^^^^^
  File "C:\Users\semtrip.DESKTOP-QDM923H\AppData\Roaming\Python\Python313\site-packages\requests\sessions.py", line 624, in head
    return self.request("HEAD", url, **kwargs)
           ~~~~~~~~~~~~^^^^^^^^^^^^^^^^^^^^^^^
  File "C:\Users\semtrip.DESKTOP-QDM923H\AppData\Roaming\Python\Python313\site-packages\requests\sessions.py", line 579, in request
    settings = self.merge_environment_settings(
        prep.url, proxies, stream, verify, cert
    )
  File "C:\Users\semtrip.DESKTOP-QDM923H\AppData\Roaming\Python\Python313\site-packages\requests\sessions.py", line 759, in merge_environment_settings
    no_proxy = proxies.get("no_proxy") if proxies is not None else None
               ^^^^^^^^^^^
AttributeError: 'str' object has no attribute 'get'

[2025-05-15 19:26:58] [info] Connecting with proxy: socks5://rlF97R:IL9MJzmIaa@2.59.50.220:1051
[2025-05-15 19:27:00] [error] Bot error: 'str' object has no attribute 'get'
[2025-05-15 19:27:00] [error] Traceback (most recent call last):
  File "C:\Users\semtrip.DESKTOP-QDM923H\Documents\GitHub\stream_shop_service\backend\Service\Twitch\bot.py", line 57, in start
    async with session.head(url, proxies=proxy_url, headers=headers, timeout=10):
               ~~~~~~~~~~~~^^^^^^^^^^^^^^^^^^^^^^^^^^^^^^^^^^^^^^^^^^^^^^^^^^^^^
  File "C:\Users\semtrip.DESKTOP-QDM923H\AppData\Roaming\Python\Python313\site-packages\requests\sessions.py", line 624, in head
    return self.request("HEAD", url, **kwargs)
           ~~~~~~~~~~~~^^^^^^^^^^^^^^^^^^^^^^^
  File "C:\Users\semtrip.DESKTOP-QDM923H\AppData\Roaming\Python\Python313\site-packages\requests\sessions.py", line 579, in request
    settings = self.merge_environment_settings(
        prep.url, proxies, stream, verify, cert
    )
  File "C:\Users\semtrip.DESKTOP-QDM923H\AppData\Roaming\Python\Python313\site-packages\requests\sessions.py", line 759, in merge_environment_settings
    no_proxy = proxies.get("no_proxy") if proxies is not None else None
               ^^^^^^^^^^^
AttributeError: 'str' object has no attribute 'get'

[2025-05-15 19:27:03] [error] Bot error: 'str' object has no attribute 'get'
[2025-05-15 19:27:03] [error] Traceback (most recent call last):
  File "C:\Users\semtrip.DESKTOP-QDM923H\Documents\GitHub\stream_shop_service\backend\Service\Twitch\bot.py", line 57, in start
    async with session.head(url, proxies=proxy_url, headers=headers, timeout=10):
               ~~~~~~~~~~~~^^^^^^^^^^^^^^^^^^^^^^^^^^^^^^^^^^^^^^^^^^^^^^^^^^^^^
  File "C:\Users\semtrip.DESKTOP-QDM923H\AppData\Roaming\Python\Python313\site-packages\requests\sessions.py", line 624, in head
    return self.request("HEAD", url, **kwargs)
           ~~~~~~~~~~~~^^^^^^^^^^^^^^^^^^^^^^^
  File "C:\Users\semtrip.DESKTOP-QDM923H\AppData\Roaming\Python\Python313\site-packages\requests\sessions.py", line 579, in request
    settings = self.merge_environment_settings(
        prep.url, proxies, stream, verify, cert
    )
  File "C:\Users\semtrip.DESKTOP-QDM923H\AppData\Roaming\Python\Python313\site-packages\requests\sessions.py", line 759, in merge_environment_settings
    no_proxy = proxies.get("no_proxy") if proxies is not None else None
               ^^^^^^^^^^^
AttributeError: 'str' object has no attribute 'get'

[2025-05-15 19:27:03] [info] Connecting with proxy: socks5://rlF97R:IL9MJzmIaa@109.248.138.72:1051
[2025-05-15 19:27:04] [error] Bot error: 'str' object has no attribute 'get'
[2025-05-15 19:27:04] [error] Traceback (most recent call last):
  File "C:\Users\semtrip.DESKTOP-QDM923H\Documents\GitHub\stream_shop_service\backend\Service\Twitch\bot.py", line 57, in start
    async with session.head(url, proxies=proxy_url, headers=headers, timeout=10):
               ~~~~~~~~~~~~^^^^^^^^^^^^^^^^^^^^^^^^^^^^^^^^^^^^^^^^^^^^^^^^^^^^^
  File "C:\Users\semtrip.DESKTOP-QDM923H\AppData\Roaming\Python\Python313\site-packages\requests\sessions.py", line 624, in head
    return self.request("HEAD", url, **kwargs)
           ~~~~~~~~~~~~^^^^^^^^^^^^^^^^^^^^^^^
  File "C:\Users\semtrip.DESKTOP-QDM923H\AppData\Roaming\Python\Python313\site-packages\requests\sessions.py", line 579, in request
    settings = self.merge_environment_settings(
        prep.url, proxies, stream, verify, cert
    )
  File "C:\Users\semtrip.DESKTOP-QDM923H\AppData\Roaming\Python\Python313\site-packages\requests\sessions.py", line 759, in merge_environment_settings
    no_proxy = proxies.get("no_proxy") if proxies is not None else None
               ^^^^^^^^^^^
AttributeError: 'str' object has no attribute 'get'

[2025-05-15 19:27:06] [error] Bot error: 'str' object has no attribute 'get'
[2025-05-15 19:27:06] [error] Traceback (most recent call last):
  File "C:\Users\semtrip.DESKTOP-QDM923H\Documents\GitHub\stream_shop_service\backend\Service\Twitch\bot.py", line 57, in start
    async with session.head(url, proxies=proxy_url, headers=headers, timeout=10):
               ~~~~~~~~~~~~^^^^^^^^^^^^^^^^^^^^^^^^^^^^^^^^^^^^^^^^^^^^^^^^^^^^^
  File "C:\Users\semtrip.DESKTOP-QDM923H\AppData\Roaming\Python\Python313\site-packages\requests\sessions.py", line 624, in head
    return self.request("HEAD", url, **kwargs)
           ~~~~~~~~~~~~^^^^^^^^^^^^^^^^^^^^^^^
  File "C:\Users\semtrip.DESKTOP-QDM923H\AppData\Roaming\Python\Python313\site-packages\requests\sessions.py", line 579, in request
    settings = self.merge_environment_settings(
        prep.url, proxies, stream, verify, cert
    )
  File "C:\Users\semtrip.DESKTOP-QDM923H\AppData\Roaming\Python\Python313\site-packages\requests\sessions.py", line 759, in merge_environment_settings
    no_proxy = proxies.get("no_proxy") if proxies is not None else None
               ^^^^^^^^^^^
AttributeError: 'str' object has no attribute 'get'

[2025-05-15 19:27:08] [error] Bot error: 'str' object has no attribute 'get'
[2025-05-15 19:27:08] [error] Traceback (most recent call last):
  File "C:\Users\semtrip.DESKTOP-QDM923H\Documents\GitHub\stream_shop_service\backend\Service\Twitch\bot.py", line 57, in start
    async with session.head(url, proxies=proxy_url, headers=headers, timeout=10):
               ~~~~~~~~~~~~^^^^^^^^^^^^^^^^^^^^^^^^^^^^^^^^^^^^^^^^^^^^^^^^^^^^^
  File "C:\Users\semtrip.DESKTOP-QDM923H\AppData\Roaming\Python\Python313\site-packages\requests\sessions.py", line 624, in head
    return self.request("HEAD", url, **kwargs)
           ~~~~~~~~~~~~^^^^^^^^^^^^^^^^^^^^^^^
  File "C:\Users\semtrip.DESKTOP-QDM923H\AppData\Roaming\Python\Python313\site-packages\requests\sessions.py", line 579, in request
    settings = self.merge_environment_settings(
        prep.url, proxies, stream, verify, cert
    )
  File "C:\Users\semtrip.DESKTOP-QDM923H\AppData\Roaming\Python\Python313\site-packages\requests\sessions.py", line 759, in merge_environment_settings
    no_proxy = proxies.get("no_proxy") if proxies is not None else None
               ^^^^^^^^^^^
AttributeError: 'str' object has no attribute 'get'

[2025-05-15 19:27:08] [info] Connecting with proxy: socks5://rlF97R:IL9MJzmIaa@45.15.73.213:1051
[2025-05-15 19:27:10] [error] Bot error: 'str' object has no attribute 'get'
[2025-05-15 19:27:10] [error] Traceback (most recent call last):
  File "C:\Users\semtrip.DESKTOP-QDM923H\Documents\GitHub\stream_shop_service\backend\Service\Twitch\bot.py", line 57, in start
    async with session.head(url, proxies=proxy_url, headers=headers, timeout=10):
               ~~~~~~~~~~~~^^^^^^^^^^^^^^^^^^^^^^^^^^^^^^^^^^^^^^^^^^^^^^^^^^^^^
  File "C:\Users\semtrip.DESKTOP-QDM923H\AppData\Roaming\Python\Python313\site-packages\requests\sessions.py", line 624, in head
    return self.request("HEAD", url, **kwargs)
           ~~~~~~~~~~~~^^^^^^^^^^^^^^^^^^^^^^^
  File "C:\Users\semtrip.DESKTOP-QDM923H\AppData\Roaming\Python\Python313\site-packages\requests\sessions.py", line 579, in request
    settings = self.merge_environment_settings(
        prep.url, proxies, stream, verify, cert
    )
  File "C:\Users\semtrip.DESKTOP-QDM923H\AppData\Roaming\Python\Python313\site-packages\requests\sessions.py", line 759, in merge_environment_settings
    no_proxy = proxies.get("no_proxy") if proxies is not None else None
               ^^^^^^^^^^^
AttributeError: 'str' object has no attribute 'get'

[2025-05-15 19:27:12] [error] Bot error: 'str' object has no attribute 'get'
[2025-05-15 19:27:12] [error] Traceback (most recent call last):
  File "C:\Users\semtrip.DESKTOP-QDM923H\Documents\GitHub\stream_shop_service\backend\Service\Twitch\bot.py", line 57, in start
    async with session.head(url, proxies=proxy_url, headers=headers, timeout=10):
               ~~~~~~~~~~~~^^^^^^^^^^^^^^^^^^^^^^^^^^^^^^^^^^^^^^^^^^^^^^^^^^^^^
  File "C:\Users\semtrip.DESKTOP-QDM923H\AppData\Roaming\Python\Python313\site-packages\requests\sessions.py", line 624, in head
    return self.request("HEAD", url, **kwargs)
           ~~~~~~~~~~~~^^^^^^^^^^^^^^^^^^^^^^^
  File "C:\Users\semtrip.DESKTOP-QDM923H\AppData\Roaming\Python\Python313\site-packages\requests\sessions.py", line 579, in request
    settings = self.merge_environment_settings(
        prep.url, proxies, stream, verify, cert
    )
  File "C:\Users\semtrip.DESKTOP-QDM923H\AppData\Roaming\Python\Python313\site-packages\requests\sessions.py", line 759, in merge_environment_settings
    no_proxy = proxies.get("no_proxy") if proxies is not None else None
               ^^^^^^^^^^^
AttributeError: 'str' object has no attribute 'get'

[2025-05-15 19:27:12] [info] Connecting with proxy: socks5://rlF97R:IL9MJzmIaa@109.248.167.101:1051
[2025-05-15 19:27:14] [error] Bot error: 'str' object has no attribute 'get'
[2025-05-15 19:27:14] [error] Traceback (most recent call last):
  File "C:\Users\semtrip.DESKTOP-QDM923H\Documents\GitHub\stream_shop_service\backend\Service\Twitch\bot.py", line 57, in start
    async with session.head(url, proxies=proxy_url, headers=headers, timeout=10):
               ~~~~~~~~~~~~^^^^^^^^^^^^^^^^^^^^^^^^^^^^^^^^^^^^^^^^^^^^^^^^^^^^^
  File "C:\Users\semtrip.DESKTOP-QDM923H\AppData\Roaming\Python\Python313\site-packages\requests\sessions.py", line 624, in head
    return self.request("HEAD", url, **kwargs)
           ~~~~~~~~~~~~^^^^^^^^^^^^^^^^^^^^^^^
  File "C:\Users\semtrip.DESKTOP-QDM923H\AppData\Roaming\Python\Python313\site-packages\requests\sessions.py", line 579, in request
    settings = self.merge_environment_settings(
        prep.url, proxies, stream, verify, cert
    )
  File "C:\Users\semtrip.DESKTOP-QDM923H\AppData\Roaming\Python\Python313\site-packages\requests\sessions.py", line 759, in merge_environment_settings
    no_proxy = proxies.get("no_proxy") if proxies is not None else None
               ^^^^^^^^^^^
AttributeError: 'str' object has no attribute 'get'

[2025-05-15 19:27:16] [error] Bot error: 'str' object has no attribute 'get'
[2025-05-15 19:27:16] [error] Traceback (most recent call last):
  File "C:\Users\semtrip.DESKTOP-QDM923H\Documents\GitHub\stream_shop_service\backend\Service\Twitch\bot.py", line 57, in start
    async with session.head(url, proxies=proxy_url, headers=headers, timeout=10):
               ~~~~~~~~~~~~^^^^^^^^^^^^^^^^^^^^^^^^^^^^^^^^^^^^^^^^^^^^^^^^^^^^^
  File "C:\Users\semtrip.DESKTOP-QDM923H\AppData\Roaming\Python\Python313\site-packages\requests\sessions.py", line 624, in head
    return self.request("HEAD", url, **kwargs)
           ~~~~~~~~~~~~^^^^^^^^^^^^^^^^^^^^^^^
  File "C:\Users\semtrip.DESKTOP-QDM923H\AppData\Roaming\Python\Python313\site-packages\requests\sessions.py", line 579, in request
    settings = self.merge_environment_settings(
        prep.url, proxies, stream, verify, cert
    )
  File "C:\Users\semtrip.DESKTOP-QDM923H\AppData\Roaming\Python\Python313\site-packages\requests\sessions.py", line 759, in merge_environment_settings
    no_proxy = proxies.get("no_proxy") if proxies is not None else None
               ^^^^^^^^^^^
AttributeError: 'str' object has no attribute 'get'

[2025-05-15 19:27:16] [info] Connecting with proxy: socks5://rlF97R:IL9MJzmIaa@45.81.137.14:1051
[2025-05-15 19:27:18] [error] Bot error: 'str' object has no attribute 'get'
[2025-05-15 19:27:18] [error] Traceback (most recent call last):
  File "C:\Users\semtrip.DESKTOP-QDM923H\Documents\GitHub\stream_shop_service\backend\Service\Twitch\bot.py", line 57, in start
    async with session.head(url, proxies=proxy_url, headers=headers, timeout=10):
               ~~~~~~~~~~~~^^^^^^^^^^^^^^^^^^^^^^^^^^^^^^^^^^^^^^^^^^^^^^^^^^^^^
  File "C:\Users\semtrip.DESKTOP-QDM923H\AppData\Roaming\Python\Python313\site-packages\requests\sessions.py", line 624, in head
    return self.request("HEAD", url, **kwargs)
           ~~~~~~~~~~~~^^^^^^^^^^^^^^^^^^^^^^^
  File "C:\Users\semtrip.DESKTOP-QDM923H\AppData\Roaming\Python\Python313\site-packages\requests\sessions.py", line 579, in request
    settings = self.merge_environment_settings(
        prep.url, proxies, stream, verify, cert
    )
  File "C:\Users\semtrip.DESKTOP-QDM923H\AppData\Roaming\Python\Python313\site-packages\requests\sessions.py", line 759, in merge_environment_settings
    no_proxy = proxies.get("no_proxy") if proxies is not None else None
               ^^^^^^^^^^^
AttributeError: 'str' object has no attribute 'get'

[2025-05-15 19:27:19] [error] Bot error: 'str' object has no attribute 'get'
[2025-05-15 19:27:19] [error] Traceback (most recent call last):
  File "C:\Users\semtrip.DESKTOP-QDM923H\Documents\GitHub\stream_shop_service\backend\Service\Twitch\bot.py", line 57, in start
    async with session.head(url, proxies=proxy_url, headers=headers, timeout=10):
               ~~~~~~~~~~~~^^^^^^^^^^^^^^^^^^^^^^^^^^^^^^^^^^^^^^^^^^^^^^^^^^^^^
  File "C:\Users\semtrip.DESKTOP-QDM923H\AppData\Roaming\Python\Python313\site-packages\requests\sessions.py", line 624, in head
    return self.request("HEAD", url, **kwargs)
           ~~~~~~~~~~~~^^^^^^^^^^^^^^^^^^^^^^^
  File "C:\Users\semtrip.DESKTOP-QDM923H\AppData\Roaming\Python\Python313\site-packages\requests\sessions.py", line 579, in request
    settings = self.merge_environment_settings(
        prep.url, proxies, stream, verify, cert
    )
  File "C:\Users\semtrip.DESKTOP-QDM923H\AppData\Roaming\Python\Python313\site-packages\requests\sessions.py", line 759, in merge_environment_settings
    no_proxy = proxies.get("no_proxy") if proxies is not None else None
               ^^^^^^^^^^^
AttributeError: 'str' object has no attribute 'get'

[2025-05-15 19:27:20] [error] Bot error: 'str' object has no attribute 'get'
[2025-05-15 19:27:20] [error] Traceback (most recent call last):
  File "C:\Users\semtrip.DESKTOP-QDM923H\Documents\GitHub\stream_shop_service\backend\Service\Twitch\bot.py", line 57, in start
    async with session.head(url, proxies=proxy_url, headers=headers, timeout=10):
               ~~~~~~~~~~~~^^^^^^^^^^^^^^^^^^^^^^^^^^^^^^^^^^^^^^^^^^^^^^^^^^^^^
  File "C:\Users\semtrip.DESKTOP-QDM923H\AppData\Roaming\Python\Python313\site-packages\requests\sessions.py", line 624, in head
    return self.request("HEAD", url, **kwargs)
           ~~~~~~~~~~~~^^^^^^^^^^^^^^^^^^^^^^^
  File "C:\Users\semtrip.DESKTOP-QDM923H\AppData\Roaming\Python\Python313\site-packages\requests\sessions.py", line 579, in request
    settings = self.merge_environment_settings(
        prep.url, proxies, stream, verify, cert
    )
  File "C:\Users\semtrip.DESKTOP-QDM923H\AppData\Roaming\Python\Python313\site-packages\requests\sessions.py", line 759, in merge_environment_settings
    no_proxy = proxies.get("no_proxy") if proxies is not None else None
               ^^^^^^^^^^^
AttributeError: 'str' object has no attribute 'get'

[2025-05-15 19:27:20] [info] Connecting with proxy: socks5://rlF97R:IL9MJzmIaa@46.8.14.223:1051
[2025-05-15 19:27:22] [error] Bot error: 'str' object has no attribute 'get'
[2025-05-15 19:27:22] [error] Traceback (most recent call last):
  File "C:\Users\semtrip.DESKTOP-QDM923H\Documents\GitHub\stream_shop_service\backend\Service\Twitch\bot.py", line 57, in start
    async with session.head(url, proxies=proxy_url, headers=headers, timeout=10):
               ~~~~~~~~~~~~^^^^^^^^^^^^^^^^^^^^^^^^^^^^^^^^^^^^^^^^^^^^^^^^^^^^^
  File "C:\Users\semtrip.DESKTOP-QDM923H\AppData\Roaming\Python\Python313\site-packages\requests\sessions.py", line 624, in head
    return self.request("HEAD", url, **kwargs)
           ~~~~~~~~~~~~^^^^^^^^^^^^^^^^^^^^^^^
  File "C:\Users\semtrip.DESKTOP-QDM923H\AppData\Roaming\Python\Python313\site-packages\requests\sessions.py", line 579, in request
    settings = self.merge_environment_settings(
        prep.url, proxies, stream, verify, cert
    )
  File "C:\Users\semtrip.DESKTOP-QDM923H\AppData\Roaming\Python\Python313\site-packages\requests\sessions.py", line 759, in merge_environment_settings
    no_proxy = proxies.get("no_proxy") if proxies is not None else None
               ^^^^^^^^^^^
AttributeError: 'str' object has no attribute 'get'

[2025-05-15 19:27:22] [info] Connecting with proxy: socks5://rlF97R:IL9MJzmIaa@194.34.248.5:1051
[2025-05-15 19:27:24] [error] Bot error: 'str' object has no attribute 'get'
[2025-05-15 19:27:24] [error] Traceback (most recent call last):
  File "C:\Users\semtrip.DESKTOP-QDM923H\Documents\GitHub\stream_shop_service\backend\Service\Twitch\bot.py", line 57, in start
    async with session.head(url, proxies=proxy_url, headers=headers, timeout=10):
               ~~~~~~~~~~~~^^^^^^^^^^^^^^^^^^^^^^^^^^^^^^^^^^^^^^^^^^^^^^^^^^^^^
  File "C:\Users\semtrip.DESKTOP-QDM923H\AppData\Roaming\Python\Python313\site-packages\requests\sessions.py", line 624, in head
    return self.request("HEAD", url, **kwargs)
           ~~~~~~~~~~~~^^^^^^^^^^^^^^^^^^^^^^^
  File "C:\Users\semtrip.DESKTOP-QDM923H\AppData\Roaming\Python\Python313\site-packages\requests\sessions.py", line 579, in request
    settings = self.merge_environment_settings(
        prep.url, proxies, stream, verify, cert
    )
  File "C:\Users\semtrip.DESKTOP-QDM923H\AppData\Roaming\Python\Python313\site-packages\requests\sessions.py", line 759, in merge_environment_settings
    no_proxy = proxies.get("no_proxy") if proxies is not None else None
               ^^^^^^^^^^^
AttributeError: 'str' object has no attribute 'get'

[2025-05-15 19:27:24] [info] Connecting with proxy: socks5://rlF97R:IL9MJzmIaa@45.11.20.219:1051
[2025-05-15 19:27:25] [error] Bot error: 'str' object has no attribute 'get'
[2025-05-15 19:27:25] [error] Traceback (most recent call last):
  File "C:\Users\semtrip.DESKTOP-QDM923H\Documents\GitHub\stream_shop_service\backend\Service\Twitch\bot.py", line 57, in start
    async with session.head(url, proxies=proxy_url, headers=headers, timeout=10):
               ~~~~~~~~~~~~^^^^^^^^^^^^^^^^^^^^^^^^^^^^^^^^^^^^^^^^^^^^^^^^^^^^^
  File "C:\Users\semtrip.DESKTOP-QDM923H\AppData\Roaming\Python\Python313\site-packages\requests\sessions.py", line 624, in head
    return self.request("HEAD", url, **kwargs)
           ~~~~~~~~~~~~^^^^^^^^^^^^^^^^^^^^^^^
  File "C:\Users\semtrip.DESKTOP-QDM923H\AppData\Roaming\Python\Python313\site-packages\requests\sessions.py", line 579, in request
    settings = self.merge_environment_settings(
        prep.url, proxies, stream, verify, cert
    )
  File "C:\Users\semtrip.DESKTOP-QDM923H\AppData\Roaming\Python\Python313\site-packages\requests\sessions.py", line 759, in merge_environment_settings
    no_proxy = proxies.get("no_proxy") if proxies is not None else None
               ^^^^^^^^^^^
AttributeError: 'str' object has no attribute 'get'

[2025-05-15 19:27:27] [error] Bot error: 'str' object has no attribute 'get'
[2025-05-15 19:27:27] [error] Traceback (most recent call last):
  File "C:\Users\semtrip.DESKTOP-QDM923H\Documents\GitHub\stream_shop_service\backend\Service\Twitch\bot.py", line 57, in start
    async with session.head(url, proxies=proxy_url, headers=headers, timeout=10):
               ~~~~~~~~~~~~^^^^^^^^^^^^^^^^^^^^^^^^^^^^^^^^^^^^^^^^^^^^^^^^^^^^^
  File "C:\Users\semtrip.DESKTOP-QDM923H\AppData\Roaming\Python\Python313\site-packages\requests\sessions.py", line 624, in head
    return self.request("HEAD", url, **kwargs)
           ~~~~~~~~~~~~^^^^^^^^^^^^^^^^^^^^^^^
  File "C:\Users\semtrip.DESKTOP-QDM923H\AppData\Roaming\Python\Python313\site-packages\requests\sessions.py", line 579, in request
    settings = self.merge_environment_settings(
        prep.url, proxies, stream, verify, cert
    )
  File "C:\Users\semtrip.DESKTOP-QDM923H\AppData\Roaming\Python\Python313\site-packages\requests\sessions.py", line 759, in merge_environment_settings
    no_proxy = proxies.get("no_proxy") if proxies is not None else None
               ^^^^^^^^^^^
AttributeError: 'str' object has no attribute 'get'

[2025-05-15 19:27:27] [info] Connecting with proxy: socks5://rlF97R:IL9MJzmIaa@45.86.1.166:1051
[2025-05-15 19:27:29] [error] Bot error: 'str' object has no attribute 'get'
[2025-05-15 19:27:29] [error] Traceback (most recent call last):
  File "C:\Users\semtrip.DESKTOP-QDM923H\Documents\GitHub\stream_shop_service\backend\Service\Twitch\bot.py", line 57, in start
    async with session.head(url, proxies=proxy_url, headers=headers, timeout=10):
               ~~~~~~~~~~~~^^^^^^^^^^^^^^^^^^^^^^^^^^^^^^^^^^^^^^^^^^^^^^^^^^^^^
  File "C:\Users\semtrip.DESKTOP-QDM923H\AppData\Roaming\Python\Python313\site-packages\requests\sessions.py", line 624, in head
    return self.request("HEAD", url, **kwargs)
           ~~~~~~~~~~~~^^^^^^^^^^^^^^^^^^^^^^^
  File "C:\Users\semtrip.DESKTOP-QDM923H\AppData\Roaming\Python\Python313\site-packages\requests\sessions.py", line 579, in request
    settings = self.merge_environment_settings(
        prep.url, proxies, stream, verify, cert
    )
  File "C:\Users\semtrip.DESKTOP-QDM923H\AppData\Roaming\Python\Python313\site-packages\requests\sessions.py", line 759, in merge_environment_settings
    no_proxy = proxies.get("no_proxy") if proxies is not None else None
               ^^^^^^^^^^^
AttributeError: 'str' object has no attribute 'get'

[2025-05-15 19:27:29] [info] Connecting with proxy: socks5://rlF97R:IL9MJzmIaa@188.130.137.220:1051
[2025-05-15 19:27:30] [error] Bot error: 'str' object has no attribute 'get'
[2025-05-15 19:27:30] [error] Traceback (most recent call last):
  File "C:\Users\semtrip.DESKTOP-QDM923H\Documents\GitHub\stream_shop_service\backend\Service\Twitch\bot.py", line 57, in start
    async with session.head(url, proxies=proxy_url, headers=headers, timeout=10):
               ~~~~~~~~~~~~^^^^^^^^^^^^^^^^^^^^^^^^^^^^^^^^^^^^^^^^^^^^^^^^^^^^^
  File "C:\Users\semtrip.DESKTOP-QDM923H\AppData\Roaming\Python\Python313\site-packages\requests\sessions.py", line 624, in head
    return self.request("HEAD", url, **kwargs)
           ~~~~~~~~~~~~^^^^^^^^^^^^^^^^^^^^^^^
  File "C:\Users\semtrip.DESKTOP-QDM923H\AppData\Roaming\Python\Python313\site-packages\requests\sessions.py", line 579, in request
    settings = self.merge_environment_settings(
        prep.url, proxies, stream, verify, cert
    )
  File "C:\Users\semtrip.DESKTOP-QDM923H\AppData\Roaming\Python\Python313\site-packages\requests\sessions.py", line 759, in merge_environment_settings
    no_proxy = proxies.get("no_proxy") if proxies is not None else None
               ^^^^^^^^^^^
AttributeError: 'str' object has no attribute 'get'

[2025-05-15 19:27:30] [info] Connecting with proxy: socks5://rlF97R:IL9MJzmIaa@188.130.185.213:1051
[2025-05-15 19:27:32] [error] Bot error: 'str' object has no attribute 'get'
[2025-05-15 19:27:32] [error] Traceback (most recent call last):
  File "C:\Users\semtrip.DESKTOP-QDM923H\Documents\GitHub\stream_shop_service\backend\Service\Twitch\bot.py", line 57, in start
    async with session.head(url, proxies=proxy_url, headers=headers, timeout=10):
               ~~~~~~~~~~~~^^^^^^^^^^^^^^^^^^^^^^^^^^^^^^^^^^^^^^^^^^^^^^^^^^^^^
  File "C:\Users\semtrip.DESKTOP-QDM923H\AppData\Roaming\Python\Python313\site-packages\requests\sessions.py", line 624, in head
    return self.request("HEAD", url, **kwargs)
           ~~~~~~~~~~~~^^^^^^^^^^^^^^^^^^^^^^^
  File "C:\Users\semtrip.DESKTOP-QDM923H\AppData\Roaming\Python\Python313\site-packages\requests\sessions.py", line 579, in request
    settings = self.merge_environment_settings(
        prep.url, proxies, stream, verify, cert
    )
  File "C:\Users\semtrip.DESKTOP-QDM923H\AppData\Roaming\Python\Python313\site-packages\requests\sessions.py", line 759, in merge_environment_settings
    no_proxy = proxies.get("no_proxy") if proxies is not None else None
               ^^^^^^^^^^^
AttributeError: 'str' object has no attribute 'get'

[2025-05-15 19:27:32] [info] Connecting with proxy: socks5://rlF97R:IL9MJzmIaa@46.8.22.20:1051
[2025-05-15 19:27:34] [error] Bot error: 'str' object has no attribute 'get'
[2025-05-15 19:27:34] [error] Traceback (most recent call last):
  File "C:\Users\semtrip.DESKTOP-QDM923H\Documents\GitHub\stream_shop_service\backend\Service\Twitch\bot.py", line 57, in start
    async with session.head(url, proxies=proxy_url, headers=headers, timeout=10):
               ~~~~~~~~~~~~^^^^^^^^^^^^^^^^^^^^^^^^^^^^^^^^^^^^^^^^^^^^^^^^^^^^^
  File "C:\Users\semtrip.DESKTOP-QDM923H\AppData\Roaming\Python\Python313\site-packages\requests\sessions.py", line 624, in head
    return self.request("HEAD", url, **kwargs)
           ~~~~~~~~~~~~^^^^^^^^^^^^^^^^^^^^^^^
  File "C:\Users\semtrip.DESKTOP-QDM923H\AppData\Roaming\Python\Python313\site-packages\requests\sessions.py", line 579, in request
    settings = self.merge_environment_settings(
        prep.url, proxies, stream, verify, cert
    )
  File "C:\Users\semtrip.DESKTOP-QDM923H\AppData\Roaming\Python\Python313\site-packages\requests\sessions.py", line 759, in merge_environment_settings
    no_proxy = proxies.get("no_proxy") if proxies is not None else None
               ^^^^^^^^^^^
AttributeError: 'str' object has no attribute 'get'

[2025-05-15 19:27:35] [error] Bot error: 'str' object has no attribute 'get'
[2025-05-15 19:27:35] [error] Traceback (most recent call last):
  File "C:\Users\semtrip.DESKTOP-QDM923H\Documents\GitHub\stream_shop_service\backend\Service\Twitch\bot.py", line 57, in start
    async with session.head(url, proxies=proxy_url, headers=headers, timeout=10):
               ~~~~~~~~~~~~^^^^^^^^^^^^^^^^^^^^^^^^^^^^^^^^^^^^^^^^^^^^^^^^^^^^^
  File "C:\Users\semtrip.DESKTOP-QDM923H\AppData\Roaming\Python\Python313\site-packages\requests\sessions.py", line 624, in head
    return self.request("HEAD", url, **kwargs)
           ~~~~~~~~~~~~^^^^^^^^^^^^^^^^^^^^^^^
  File "C:\Users\semtrip.DESKTOP-QDM923H\AppData\Roaming\Python\Python313\site-packages\requests\sessions.py", line 579, in request
    settings = self.merge_environment_settings(
        prep.url, proxies, stream, verify, cert
    )
  File "C:\Users\semtrip.DESKTOP-QDM923H\AppData\Roaming\Python\Python313\site-packages\requests\sessions.py", line 759, in merge_environment_settings
    no_proxy = proxies.get("no_proxy") if proxies is not None else None
               ^^^^^^^^^^^
AttributeError: 'str' object has no attribute 'get'

[2025-05-15 19:27:35] [info] Connecting with proxy: socks5://rlF97R:IL9MJzmIaa@109.248.167.7:1051
[2025-05-15 19:27:37] [error] Bot error: 'str' object has no attribute 'get'
[2025-05-15 19:27:37] [error] Traceback (most recent call last):
  File "C:\Users\semtrip.DESKTOP-QDM923H\Documents\GitHub\stream_shop_service\backend\Service\Twitch\bot.py", line 57, in start
    async with session.head(url, proxies=proxy_url, headers=headers, timeout=10):
               ~~~~~~~~~~~~^^^^^^^^^^^^^^^^^^^^^^^^^^^^^^^^^^^^^^^^^^^^^^^^^^^^^
  File "C:\Users\semtrip.DESKTOP-QDM923H\AppData\Roaming\Python\Python313\site-packages\requests\sessions.py", line 624, in head
    return self.request("HEAD", url, **kwargs)
           ~~~~~~~~~~~~^^^^^^^^^^^^^^^^^^^^^^^
  File "C:\Users\semtrip.DESKTOP-QDM923H\AppData\Roaming\Python\Python313\site-packages\requests\sessions.py", line 579, in request
    settings = self.merge_environment_settings(
        prep.url, proxies, stream, verify, cert
    )
  File "C:\Users\semtrip.DESKTOP-QDM923H\AppData\Roaming\Python\Python313\site-packages\requests\sessions.py", line 759, in merge_environment_settings
    no_proxy = proxies.get("no_proxy") if proxies is not None else None
               ^^^^^^^^^^^
AttributeError: 'str' object has no attribute 'get'

[2025-05-15 19:27:37] [info] Connecting with proxy: socks5://rlF97R:IL9MJzmIaa@46.8.111.18:1051
[2025-05-15 19:27:38] [error] Bot error: 'str' object has no attribute 'get'
[2025-05-15 19:27:38] [error] Traceback (most recent call last):
  File "C:\Users\semtrip.DESKTOP-QDM923H\Documents\GitHub\stream_shop_service\backend\Service\Twitch\bot.py", line 57, in start
    async with session.head(url, proxies=proxy_url, headers=headers, timeout=10):
               ~~~~~~~~~~~~^^^^^^^^^^^^^^^^^^^^^^^^^^^^^^^^^^^^^^^^^^^^^^^^^^^^^
  File "C:\Users\semtrip.DESKTOP-QDM923H\AppData\Roaming\Python\Python313\site-packages\requests\sessions.py", line 624, in head
    return self.request("HEAD", url, **kwargs)
           ~~~~~~~~~~~~^^^^^^^^^^^^^^^^^^^^^^^
  File "C:\Users\semtrip.DESKTOP-QDM923H\AppData\Roaming\Python\Python313\site-packages\requests\sessions.py", line 579, in request
    settings = self.merge_environment_settings(
        prep.url, proxies, stream, verify, cert
    )
  File "C:\Users\semtrip.DESKTOP-QDM923H\AppData\Roaming\Python\Python313\site-packages\requests\sessions.py", line 759, in merge_environment_settings
    no_proxy = proxies.get("no_proxy") if proxies is not None else None
               ^^^^^^^^^^^
AttributeError: 'str' object has no attribute 'get'

[2025-05-15 19:27:40] [error] Bot error: 'str' object has no attribute 'get'
[2025-05-15 19:27:40] [error] Traceback (most recent call last):
  File "C:\Users\semtrip.DESKTOP-QDM923H\Documents\GitHub\stream_shop_service\backend\Service\Twitch\bot.py", line 57, in start
    async with session.head(url, proxies=proxy_url, headers=headers, timeout=10):
               ~~~~~~~~~~~~^^^^^^^^^^^^^^^^^^^^^^^^^^^^^^^^^^^^^^^^^^^^^^^^^^^^^
  File "C:\Users\semtrip.DESKTOP-QDM923H\AppData\Roaming\Python\Python313\site-packages\requests\sessions.py", line 624, in head
    return self.request("HEAD", url, **kwargs)
           ~~~~~~~~~~~~^^^^^^^^^^^^^^^^^^^^^^^
  File "C:\Users\semtrip.DESKTOP-QDM923H\AppData\Roaming\Python\Python313\site-packages\requests\sessions.py", line 579, in request
    settings = self.merge_environment_settings(
        prep.url, proxies, stream, verify, cert
    )
  File "C:\Users\semtrip.DESKTOP-QDM923H\AppData\Roaming\Python\Python313\site-packages\requests\sessions.py", line 759, in merge_environment_settings
    no_proxy = proxies.get("no_proxy") if proxies is not None else None
               ^^^^^^^^^^^
AttributeError: 'str' object has no attribute 'get'

[2025-05-15 19:27:41] [error] Bot error: 'str' object has no attribute 'get'
[2025-05-15 19:27:41] [error] Traceback (most recent call last):
  File "C:\Users\semtrip.DESKTOP-QDM923H\Documents\GitHub\stream_shop_service\backend\Service\Twitch\bot.py", line 57, in start
    async with session.head(url, proxies=proxy_url, headers=headers, timeout=10):
               ~~~~~~~~~~~~^^^^^^^^^^^^^^^^^^^^^^^^^^^^^^^^^^^^^^^^^^^^^^^^^^^^^
  File "C:\Users\semtrip.DESKTOP-QDM923H\AppData\Roaming\Python\Python313\site-packages\requests\sessions.py", line 624, in head
    return self.request("HEAD", url, **kwargs)
           ~~~~~~~~~~~~^^^^^^^^^^^^^^^^^^^^^^^
  File "C:\Users\semtrip.DESKTOP-QDM923H\AppData\Roaming\Python\Python313\site-packages\requests\sessions.py", line 579, in request
    settings = self.merge_environment_settings(
        prep.url, proxies, stream, verify, cert
    )
  File "C:\Users\semtrip.DESKTOP-QDM923H\AppData\Roaming\Python\Python313\site-packages\requests\sessions.py", line 759, in merge_environment_settings
    no_proxy = proxies.get("no_proxy") if proxies is not None else None
               ^^^^^^^^^^^
AttributeError: 'str' object has no attribute 'get'

